  Using 'git status' to determine working set for adaptive non-unity build (D:\Unreal_Projects\SiberiaSecret).
  Creating makefile for SiberiaSecret (.uproject file is newer)
  Parsing headers for SiberiaSecret
    Running UnrealHeaderTool "D:\Unreal_Projects\SiberiaSecret\SiberiaSecret.uproject" "D:\Unreal_Projects\SiberiaSecret\Intermediate\Build\Win64\SiberiaSecret\Development\SiberiaSecret.uhtmanifest" -LogCmds="loginit warning, logexit warning, logdatabase error" -Unattended -WarningsAsErrors -abslog="C:\Users\malac\AppData\Local\UnrealBuildTool\Log_UHT.txt" -installed
  LogInit: Display: Loading text-based GConfig....
  Reflection code generated for SiberiaSecret in 8.7007313 seconds
  Building SiberiaSecret...
  Using Visual Studio 2019 14.29.30138 toolchain (C:\Program Files (x86)\Microsoft Visual Studio\2019\Community\VC\Tools\MSVC\14.29.30133) and Windows 10.0.18362.0 SDK (C:\Program Files (x86)\Windows Kits\10).
  Building 8 actions with 12 processes...
    [1/8] MyClass.cpp
    [2/8] CppGamemode.cpp
    [3/8] SiberiaSecret.cpp
    [4/8] CppHUD.cpp
    [5/8] CppGamemode.gen.cpp
    [6/8] CppHUD.gen.cpp
    [7/8] SiberiaSecret.exe
       Creating library D:\Unreal_Projects\SiberiaSecret\Binaries\Win64\SiberiaSecret.lib and object D:\Unreal_Projects\SiberiaSecret\Binaries\Win64\SiberiaSecret.exp
    [8/8] SiberiaSecret.target
  Total time in Parallel executor: 12.55 seconds
  Total execution time: 26.56 seconds
