Log file open, 11/18/21 19:23:02
LogWindows: Failed to load 'aqProf.dll' (GetLastError=126)
LogWindows: File 'aqProf.dll' does not exist
LogWindows: Failed to load 'VtuneApi.dll' (GetLastError=126)
LogWindows: File 'VtuneApi.dll' does not exist
LogWindows: Failed to load 'VtuneApi32e.dll' (GetLastError=126)
LogWindows: File 'VtuneApi32e.dll' does not exist
LogConsoleResponse: Display: Failed to find resolution value strings in scalability ini. Falling back to default.
LogConsoleResponse: Display: Failed to find resolution value strings in scalability ini. Falling back to default.
LogInit: Display: Running engine for game: SiberiaSecret
LogPlatformFile: Not using cached read wrapper
LogTaskGraph: Started task graph with 5 named threads and 47 total threads with 3 sets of task threads.
LogStats: Stats thread started at 2.109971
LogICUInternationalization: ICU TimeZone Detection - Raw Offset: -6:00, Platform Override: ''
LogInit: Display: Loading text-based GConfig....
LogPluginManager: Mounting plugin MeshPainting
LogPluginManager: Mounting plugin XGEController
LogPluginManager: Mounting plugin Paper2D
LogPluginManager: Mounting plugin AISupport
LogPluginManager: Mounting plugin LightPropagationVolume
LogPluginManager: Mounting plugin EnvironmentQueryEditor
LogPluginManager: Mounting plugin CameraShakePreviewer
LogPluginManager: Mounting plugin GameplayCameras
LogPluginManager: Mounting plugin OodleData
LogPluginManager: Mounting plugin OodleNetwork
LogPluginManager: Mounting plugin LiveLink
LogPluginManager: Mounting plugin AssetManagerEditor
LogPluginManager: Mounting plugin DataValidation
LogPluginManager: Mounting plugin CryptoKeys
LogPluginManager: Mounting plugin CurveEditorTools
LogPluginManager: Mounting plugin FacialAnimation
LogPluginManager: Mounting plugin GeometryMode
LogPluginManager: Mounting plugin AnimationSharing
LogPluginManager: Mounting plugin GameplayTagsEditor
LogPluginManager: Mounting plugin MacGraphicsSwitching
LogPluginManager: Mounting plugin MaterialAnalyzer
LogPluginManager: Mounting plugin MobileLauncherProfileWizard
LogPluginManager: Mounting plugin CLionSourceCodeAccess
LogPluginManager: Mounting plugin CodeLiteSourceCodeAccess
LogPluginManager: Mounting plugin PluginBrowser
LogPluginManager: Mounting plugin SpeedTreeImporter
LogPluginManager: Mounting plugin GitSourceControl
LogPluginManager: Mounting plugin KDevelopSourceCodeAccess
LogPluginManager: Mounting plugin NullSourceCodeAccess
LogPluginManager: Mounting plugin PixWinPlugin
LogPluginManager: Mounting plugin PerforceSourceControl
LogPluginManager: Mounting plugin PlasticSourceControl
LogPluginManager: Mounting plugin PropertyAccessNode
LogPluginManager: Mounting plugin PluginUtils
LogPluginManager: Mounting plugin RiderSourceCodeAccess
LogPluginManager: Mounting plugin SubversionSourceControl
LogPluginManager: Mounting plugin TextureFormatOodle
LogPluginManager: Mounting plugin Niagara
LogPluginManager: Mounting plugin UObjectPlugin
LogPluginManager: Mounting plugin VisualStudioCodeSourceCodeAccess
LogPluginManager: Mounting plugin XCodeSourceCodeAccess
LogPluginManager: Mounting plugin VisualStudioSourceCodeAccess
LogPluginManager: Mounting plugin AlembicImporter
LogPluginManager: Mounting plugin DatasmithContent
LogPluginManager: Mounting plugin AutomationUtils
LogPluginManager: Mounting plugin BackChannel
LogPluginManager: Mounting plugin ChaosCloth
LogPluginManager: Mounting plugin ChaosClothEditor
LogPluginManager: Mounting plugin ChaosEditor
LogPluginManager: Mounting plugin ChaosNiagara
LogPluginManager: Mounting plugin ChaosSolverPlugin
LogPluginManager: Mounting plugin VariantManagerContent
LogPluginManager: Mounting plugin CharacterAI
LogPluginManager: Mounting plugin GeometryCache
LogPluginManager: Mounting plugin GeometryCollectionPlugin
LogPluginManager: Mounting plugin GeometryProcessing
LogPluginManager: Mounting plugin MotoSynth
LogPluginManager: Mounting plugin OpenImageDenoise
LogPluginManager: Mounting plugin PlanarCut
LogPluginManager: Mounting plugin PlatformCrypto
LogPluginManager: Mounting plugin ProxyLODPlugin
LogPluginManager: Mounting plugin PythonScriptPlugin
LogPluginManager: Mounting plugin LuminPlatformFeatures
LogPluginManager: Mounting plugin MagicLeap
LogPluginManager: Mounting plugin SkeletalReduction
LogPluginManager: Mounting plugin MagicLeapLightEstimation
LogPluginManager: Mounting plugin MagicLeapMedia
LogPluginManager: Mounting plugin AndroidMedia
LogPluginManager: Mounting plugin MagicLeapPassableWorld
LogPluginManager: Mounting plugin MLSDK
LogPluginManager: Mounting plugin AvfMedia
LogPluginManager: Mounting plugin ImgMedia
LogPluginManager: Mounting plugin MediaCompositing
LogPluginManager: Mounting plugin UdpMessaging
LogPluginManager: Mounting plugin TcpMessaging
LogPluginManager: Mounting plugin ActorSequence
LogPluginManager: Mounting plugin MediaPlayerEditor
LogPluginManager: Mounting plugin WebMMedia
LogPluginManager: Mounting plugin WmfMedia
LogPluginManager: Mounting plugin LevelSequenceEditor
LogPluginManager: Mounting plugin MatineeToLevelSequence
LogPluginManager: Mounting plugin TemplateSequence
LogPluginManager: Mounting plugin OnlineSubsystem
LogPluginManager: Mounting plugin LauncherChunkInstaller
LogPluginManager: Mounting plugin ActorLayerUtilities
LogPluginManager: Mounting plugin OnlineSubsystemNull
LogPluginManager: Mounting plugin OnlineSubsystemUtils
LogPluginManager: Mounting plugin AndroidDeviceProfileSelector
LogPluginManager: Mounting plugin AndroidMoviePlayer
LogPluginManager: Mounting plugin AndroidPermission
LogPluginManager: Mounting plugin AppleImageUtils
LogPluginManager: Mounting plugin AppleMoviePlayer
LogPluginManager: Mounting plugin AssetTags
LogPluginManager: Mounting plugin ArchVisCharacter
LogPluginManager: Mounting plugin AudioSynesthesia
LogPluginManager: Mounting plugin AudioCapture
LogPluginManager: Mounting plugin CableComponent
LogPluginManager: Mounting plugin CustomMeshComponent
LogPluginManager: Mounting plugin ChunkDownloader
LogPluginManager: Mounting plugin EditableMesh
LogPluginManager: Mounting plugin ExampleDeviceProfileSelector
LogPluginManager: Mounting plugin GooglePAD
LogPluginManager: Mounting plugin GoogleCloudMessaging
LogPluginManager: Mounting plugin IOSDeviceProfileSelector
LogPluginManager: Mounting plugin LinuxDeviceProfileSelector
LogPluginManager: Mounting plugin LocationServicesBPLibrary
LogPluginManager: Mounting plugin MobilePatchingUtils
LogPluginManager: Mounting plugin OpenXR
LogPluginManager: Mounting plugin OpenXREyeTracker
LogPluginManager: Mounting plugin OpenXRHandTracking
LogPluginManager: Mounting plugin PhysXVehicles
LogPluginManager: Mounting plugin PostSplashScreen
LogPluginManager: Mounting plugin ProceduralMeshComponent
LogPluginManager: Mounting plugin PropertyAccessEditor
LogPluginManager: Mounting plugin RuntimePhysXCooking
LogPluginManager: Mounting plugin SignificanceManager
LogPluginManager: Mounting plugin SoundFields
LogPluginManager: Mounting plugin Synthesis
LogPluginManager: Mounting plugin WebMMoviePlayer
LogPluginManager: Mounting plugin WindowsMoviePlayer
LogPluginManager: Mounting plugin ScreenshotTools
LogPluginManager: Mounting plugin Takes
LogPluginManager: Mounting plugin ContentBrowserAssetDataSource
LogPluginManager: Mounting plugin ContentBrowserClassDataSource
LogPluginManager: Mounting plugin ContentBrowserFileDataSource
LogPluginManager: Mounting plugin OnlineSubsystemGooglePlay
LogPluginManager: Mounting plugin OnlineSubsystemIOS
LogPluginManager: Mounting plugin OculusVR
LogPluginManager: Mounting plugin SteamVR
PixWinPlugin: PIX capture plugin failed to initialize! Check that the process is launched from PIX.
LogLuminAPIImpl: Warning: MLSDK not found.  This likely means the MLSDK environment variable is not set.
LogInit: Using libcurl 7.55.1-DEV
LogInit:  - built for x86_64-pc-win32
LogInit:  - supports SSL with OpenSSL/1.1.1
LogInit:  - supports HTTP deflate (compression) using libz 1.2.8
LogInit:  - other features:
LogInit:      CURL_VERSION_SSL
LogInit:      CURL_VERSION_LIBZ
LogInit:      CURL_VERSION_IPV6
LogInit:      CURL_VERSION_ASYNCHDNS
LogInit:      CURL_VERSION_LARGEFILE
LogInit:      CURL_VERSION_IDN
LogInit:  CurlRequestOptions (configurable via config and command line):
LogInit:  - bVerifyPeer = true  - Libcurl will verify peer certificate
LogInit:  - bUseHttpProxy = false  - Libcurl will NOT use HTTP proxy
LogInit:  - bDontReuseConnections = false  - Libcurl will reuse connections
LogInit:  - MaxHostConnections = 16  - Libcurl will limit the number of connections to a host
LogInit:  - LocalHostAddr = Default
LogInit:  - BufferSize = 65536
LogOnline: OSS: Creating online subsystem instance for: NULL
LogInit: WinSock: version 1.1 (2.2), MaxSocks=32767, MaxUdp=65467
LogOnline: OSS: TryLoadSubsystemAndSetDefault: Loaded subsystem for module [NULL]
LogOculusPluginWrapper: OculusPlugin initialized successfully
LogHMD: Failed initializing OVRPlugin 1.59.0
LogInit: Build: ++UE4+Release-4.27-CL-17735300
LogInit: Engine Version: 4.27.1-17735300+++UE4+Release-4.27
LogInit: Compatible Engine Version: 4.27.0-17155196+++UE4+Release-4.27
LogInit: Net CL: 17155196
LogInit: OS: Windows 10 (Release 2009) (), CPU: AMD Ryzen 7 3700X 8-Core Processor             , GPU: NVIDIA GeForce RTX 2070
LogInit: Compiled (64-bit): Oct  6 2021 14:42:51
LogInit: Compiled with Visual C++: 19.24.28315.00
LogInit: Build Configuration: Development
LogInit: Branch Name: ++UE4+Release-4.27
LogInit: Command Line: 
LogInit: Base Directory: D:/Epic Games/UE_4.27/Engine/Binaries/Win64/
LogInit: Allocator: TBB
LogInit: Installed Engine Build: 1
LogDevObjectVersion: Number of dev versions registered: 29
LogDevObjectVersion:   Dev-Blueprints (B0D832E4-1F89-4F0D-ACCF-7EB736FD4AA2): 10
LogDevObjectVersion:   Dev-Build (E1C64328-A22C-4D53-A36C-8E866417BD8C): 0
LogDevObjectVersion:   Dev-Core (375EC13C-06E4-48FB-B500-84F0262A717E): 4
LogDevObjectVersion:   Dev-Editor (E4B068ED-F494-42E9-A231-DA0B2E46BB41): 40
LogDevObjectVersion:   Dev-Framework (CFFC743F-43B0-4480-9391-14DF171D2073): 37
LogDevObjectVersion:   Dev-Mobile (B02B49B5-BB20-44E9-A304-32B752E40360): 3
LogDevObjectVersion:   Dev-Networking (A4E4105C-59A1-49B5-A7C5-40C4547EDFEE): 0
LogDevObjectVersion:   Dev-Online (39C831C9-5AE6-47DC-9A44-9C173E1C8E7C): 0
LogDevObjectVersion:   Dev-Physics (78F01B33-EBEA-4F98-B9B4-84EACCB95AA2): 14
LogDevObjectVersion:   Dev-Platform (6631380F-2D4D-43E0-8009-CF276956A95A): 0
LogDevObjectVersion:   Dev-Rendering (12F88B9F-8875-4AFC-A67C-D90C383ABD29): 45
LogDevObjectVersion:   Dev-Sequencer (7B5AE74C-D270-4C10-A958-57980B212A5A): 13
LogDevObjectVersion:   Dev-VR (D7296918-1DD6-4BDD-9DE2-64A83CC13884): 3
LogDevObjectVersion:   Dev-LoadTimes (C2A15278-BFE7-4AFE-6C17-90FF531DF755): 1
LogDevObjectVersion:   Private-Geometry (6EACA3D4-40EC-4CC1-B786-8BED09428FC5): 3
LogDevObjectVersion:   Dev-AnimPhys (29E575DD-E0A3-4627-9D10-D276232CDCEA): 17
LogDevObjectVersion:   Dev-Anim (AF43A65D-7FD3-4947-9873-3E8ED9C1BB05): 15
LogDevObjectVersion:   Dev-ReflectionCapture (6B266CEC-1EC7-4B8F-A30B-E4D90942FC07): 1
LogDevObjectVersion:   Dev-Automation (0DF73D61-A23F-47EA-B727-89E90C41499A): 1
LogDevObjectVersion:   FortniteMain (601D1886-AC64-4F84-AA16-D3DE0DEAC7D6): 47
LogDevObjectVersion:   FortniteRelease (E7086368-6B23-4C58-8439-1B7016265E91): 1
LogDevObjectVersion:   Dev-Enterprise (9DFFBCD6-494F-0158-E221-12823C92A888): 10
LogDevObjectVersion:   Dev-Niagara (F2AED0AC-9AFE-416F-8664-AA7FFA26D6FC): 1
LogDevObjectVersion:   Dev-Destruction (174F1F0B-B4C6-45A5-B13F-2EE8D0FB917D): 10
LogDevObjectVersion:   Dev-Physics-Ext (35F94A83-E258-406C-A318-09F59610247C): 41
LogDevObjectVersion:   Dev-PhysicsMaterial-Chaos (B68FC16E-8B1B-42E2-B453-215C058844FE): 1
LogDevObjectVersion:   Dev-CineCamera (B2E18506-4273-CFC2-A54E-F4BB758BBA07): 1
LogDevObjectVersion:   Dev-VirtualProduction (64F58936-FD1B-42BA-BA96-7289D5D0FA4E): 1
LogDevObjectVersion:   Dev-MediaFramework (6F0ED827-A609-4895-9C91-998D90180EA4): 2
LogInit: Presizing for max 25165824 objects, including 0 objects not considered by GC, pre-allocating 0 bytes for permanent pool.
LogConfig: Applying CVar settings from Section [/Script/Engine.StreamingSettings] File [C:/Users/Ryzen 3700x/Documents/GitHub/SiberiaSecret/Saved/Config/Windows/Engine.ini]
LogConfig: Setting CVar [[s.MinBulkDataSizeForAsyncLoading:131072]]
LogConfig: Setting CVar [[s.AsyncLoadingThreadEnabled:0]]
LogConfig: Setting CVar [[s.EventDrivenLoaderEnabled:1]]
LogConfig: Setting CVar [[s.WarnIfTimeLimitExceeded:0]]
LogConfig: Setting CVar [[s.TimeLimitExceededMultiplier:1.5]]
LogConfig: Setting CVar [[s.TimeLimitExceededMinTime:0.005]]
LogConfig: Setting CVar [[s.UseBackgroundLevelStreaming:1]]
LogConfig: Setting CVar [[s.PriorityAsyncLoadingExtraTime:15.0]]
LogConfig: Setting CVar [[s.LevelStreamingActorsUpdateTimeLimit:5.0]]
LogConfig: Setting CVar [[s.PriorityLevelStreamingActorsUpdateExtraTime:5.0]]
LogConfig: Setting CVar [[s.LevelStreamingComponentsRegistrationGranularity:10]]
LogConfig: Setting CVar [[s.UnregisterComponentsTimeLimit:1.0]]
LogConfig: Setting CVar [[s.LevelStreamingComponentsUnregistrationGranularity:5]]
LogConfig: Setting CVar [[s.FlushStreamingOnExit:1]]
LogInit: Object subsystem initialized
LogConfig: Setting CVar [[con.DebugEarlyDefault:1]]
LogConfig: Setting CVar [[r.setres:1280x720]]
[2021.11.19-01.23.04:270][  0]LogConfig: Setting CVar [[r.VSync:0]]
[2021.11.19-01.23.04:270][  0]LogConfig: Setting CVar [[r.RHICmdBypass:0]]
[2021.11.19-01.23.04:270][  0]LogConfig: Applying CVar settings from Section [/Script/Engine.RendererSettings] File [C:/Users/Ryzen 3700x/Documents/GitHub/SiberiaSecret/Saved/Config/Windows/Engine.ini]
[2021.11.19-01.23.04:270][  0]LogConfig: Setting CVar [[r.GPUCrashDebugging:0]]
[2021.11.19-01.23.04:270][  0]LogConfig: Applying CVar settings from Section [/Script/Engine.RendererOverrideSettings] File [C:/Users/Ryzen 3700x/Documents/GitHub/SiberiaSecret/Saved/Config/Windows/Engine.ini]
[2021.11.19-01.23.04:270][  0]LogConfig: Applying CVar settings from Section [/Script/Engine.StreamingSettings] File [C:/Users/Ryzen 3700x/Documents/GitHub/SiberiaSecret/Saved/Config/Windows/Engine.ini]
[2021.11.19-01.23.04:270][  0]LogConfig: Setting CVar [[s.MinBulkDataSizeForAsyncLoading:131072]]
[2021.11.19-01.23.04:270][  0]LogConfig: Setting CVar [[s.AsyncLoadingThreadEnabled:0]]
[2021.11.19-01.23.04:270][  0]LogConfig: Setting CVar [[s.EventDrivenLoaderEnabled:1]]
[2021.11.19-01.23.04:270][  0]LogConfig: Setting CVar [[s.WarnIfTimeLimitExceeded:0]]
[2021.11.19-01.23.04:270][  0]LogConfig: Setting CVar [[s.TimeLimitExceededMultiplier:1.5]]
[2021.11.19-01.23.04:270][  0]LogConfig: Setting CVar [[s.TimeLimitExceededMinTime:0.005]]
[2021.11.19-01.23.04:270][  0]LogConfig: Setting CVar [[s.UseBackgroundLevelStreaming:1]]
[2021.11.19-01.23.04:270][  0]LogConfig: Setting CVar [[s.PriorityAsyncLoadingExtraTime:15.0]]
[2021.11.19-01.23.04:270][  0]LogConfig: Setting CVar [[s.LevelStreamingActorsUpdateTimeLimit:5.0]]
[2021.11.19-01.23.04:270][  0]LogConfig: Setting CVar [[s.PriorityLevelStreamingActorsUpdateExtraTime:5.0]]
[2021.11.19-01.23.04:270][  0]LogConfig: Setting CVar [[s.LevelStreamingComponentsRegistrationGranularity:10]]
[2021.11.19-01.23.04:270][  0]LogConfig: Setting CVar [[s.UnregisterComponentsTimeLimit:1.0]]
[2021.11.19-01.23.04:270][  0]LogConfig: Setting CVar [[s.LevelStreamingComponentsUnregistrationGranularity:5]]
[2021.11.19-01.23.04:270][  0]LogConfig: Setting CVar [[s.FlushStreamingOnExit:1]]
[2021.11.19-01.23.04:270][  0]LogConfig: Applying CVar settings from Section [/Script/Engine.GarbageCollectionSettings] File [C:/Users/Ryzen 3700x/Documents/GitHub/SiberiaSecret/Saved/Config/Windows/Engine.ini]
[2021.11.19-01.23.04:270][  0]LogConfig: Setting CVar [[gc.MaxObjectsNotConsideredByGC:1]]
[2021.11.19-01.23.04:270][  0]LogConfig: Setting CVar [[gc.SizeOfPermanentObjectPool:0]]
[2021.11.19-01.23.04:270][  0]LogConfig: Setting CVar [[gc.FlushStreamingOnGC:0]]
[2021.11.19-01.23.04:270][  0]LogConfig: Setting CVar [[gc.NumRetriesBeforeForcingGC:10]]
[2021.11.19-01.23.04:270][  0]LogConfig: Setting CVar [[gc.AllowParallelGC:1]]
[2021.11.19-01.23.04:270][  0]LogConfig: Setting CVar [[gc.TimeBetweenPurgingPendingKillObjects:61.1]]
[2021.11.19-01.23.04:270][  0]LogConfig: Setting CVar [[gc.MaxObjectsInEditor:25165824]]
[2021.11.19-01.23.04:270][  0]LogConfig: Setting CVar [[gc.IncrementalBeginDestroyEnabled:1]]
[2021.11.19-01.23.04:270][  0]LogConfig: Setting CVar [[gc.CreateGCClusters:1]]
[2021.11.19-01.23.04:270][  0]LogConfig: Setting CVar [[gc.MinGCClusterSize:5]]
[2021.11.19-01.23.04:270][  0]LogConfig: Setting CVar [[gc.ActorClusteringEnabled:0]]
[2021.11.19-01.23.04:270][  0]LogConfig: Setting CVar [[gc.BlueprintClusteringEnabled:0]]
[2021.11.19-01.23.04:270][  0]LogConfig: Setting CVar [[gc.UseDisregardForGCOnDedicatedServers:0]]
[2021.11.19-01.23.04:270][  0]LogConfig: Setting CVar [[gc.MultithreadedDestructionEnabled:1]]
[2021.11.19-01.23.04:270][  0]LogConfig: Applying CVar settings from Section [/Script/Engine.NetworkSettings] File [C:/Users/Ryzen 3700x/Documents/GitHub/SiberiaSecret/Saved/Config/Windows/Engine.ini]
[2021.11.19-01.23.04:270][  0]LogConfig: Applying CVar settings from Section [/Script/UnrealEd.CookerSettings] File [C:/Users/Ryzen 3700x/Documents/GitHub/SiberiaSecret/Saved/Config/Windows/Engine.ini]
[2021.11.19-01.23.04:280][  0]LogConfig: Applying CVar settings from Section [ViewDistanceQuality@3] File [C:/Users/Ryzen 3700x/Documents/GitHub/SiberiaSecret/Saved/Config/Windows/Scalability.ini]
[2021.11.19-01.23.04:280][  0]LogConfig: Setting CVar [[r.SkeletalMeshLODBias:0]]
[2021.11.19-01.23.04:280][  0]LogConfig: Setting CVar [[r.ViewDistanceScale:1.0]]
[2021.11.19-01.23.04:280][  0]LogConfig: Applying CVar settings from Section [AntiAliasingQuality@3] File [C:/Users/Ryzen 3700x/Documents/GitHub/SiberiaSecret/Saved/Config/Windows/Scalability.ini]
[2021.11.19-01.23.04:280][  0]LogConfig: Setting CVar [[r.PostProcessAAQuality:4]]
[2021.11.19-01.23.04:280][  0]LogConfig: Applying CVar settings from Section [ShadowQuality@3] File [C:/Users/Ryzen 3700x/Documents/GitHub/SiberiaSecret/Saved/Config/Windows/Scalability.ini]
[2021.11.19-01.23.04:280][  0]LogConfig: Setting CVar [[r.LightFunctionQuality:1]]
[2021.11.19-01.23.04:280][  0]LogConfig: Setting CVar [[r.ShadowQuality:5]]
[2021.11.19-01.23.04:280][  0]LogConfig: Setting CVar [[r.Shadow.CSM.MaxCascades:10]]
[2021.11.19-01.23.04:280][  0]LogConfig: Setting CVar [[r.Shadow.MaxResolution:2048]]
[2021.11.19-01.23.04:280][  0]LogConfig: Setting CVar [[r.Shadow.MaxCSMResolution:2048]]
[2021.11.19-01.23.04:280][  0]LogConfig: Setting CVar [[r.Shadow.RadiusThreshold:0.01]]
[2021.11.19-01.23.04:280][  0]LogConfig: Setting CVar [[r.Shadow.DistanceScale:1.0]]
[2021.11.19-01.23.04:280][  0]LogConfig: Setting CVar [[r.Shadow.CSM.TransitionScale:1.0]]
[2021.11.19-01.23.04:280][  0]LogConfig: Setting CVar [[r.Shadow.PreShadowResolutionFactor:1.0]]
[2021.11.19-01.23.04:281][  0]LogConfig: Setting CVar [[r.DistanceFieldShadowing:1]]
[2021.11.19-01.23.04:281][  0]LogConfig: Setting CVar [[r.DistanceFieldAO:1]]
[2021.11.19-01.23.04:281][  0]LogConfig: Setting CVar [[r.AOQuality:2]]
[2021.11.19-01.23.04:281][  0]LogConfig: Setting CVar [[r.VolumetricFog:1]]
[2021.11.19-01.23.04:281][  0]LogConfig: Setting CVar [[r.VolumetricFog.GridPixelSize:8]]
[2021.11.19-01.23.04:281][  0]LogConfig: Setting CVar [[r.VolumetricFog.GridSizeZ:128]]
[2021.11.19-01.23.04:281][  0]LogConfig: Setting CVar [[r.VolumetricFog.HistoryMissSupersampleCount:4]]
[2021.11.19-01.23.04:281][  0]LogConfig: Setting CVar [[r.LightMaxDrawDistanceScale:1]]
[2021.11.19-01.23.04:281][  0]LogConfig: Setting CVar [[r.CapsuleShadows:1]]
[2021.11.19-01.23.04:281][  0]LogConfig: Applying CVar settings from Section [PostProcessQuality@3] File [C:/Users/Ryzen 3700x/Documents/GitHub/SiberiaSecret/Saved/Config/Windows/Scalability.ini]
[2021.11.19-01.23.04:281][  0]LogConfig: Setting CVar [[r.MotionBlurQuality:4]]
[2021.11.19-01.23.04:281][  0]LogConfig: Setting CVar [[r.AmbientOcclusionMipLevelFactor:0.4]]
[2021.11.19-01.23.04:281][  0]LogConfig: Setting CVar [[r.AmbientOcclusionMaxQuality:100]]
[2021.11.19-01.23.04:281][  0]LogConfig: Setting CVar [[r.AmbientOcclusionLevels:-1]]
[2021.11.19-01.23.04:281][  0]LogConfig: Setting CVar [[r.AmbientOcclusionRadiusScale:1.0]]
[2021.11.19-01.23.04:281][  0]LogConfig: Setting CVar [[r.DepthOfFieldQuality:2]]
[2021.11.19-01.23.04:281][  0]LogConfig: Setting CVar [[r.RenderTargetPoolMin:400]]
[2021.11.19-01.23.04:281][  0]LogConfig: Setting CVar [[r.LensFlareQuality:2]]
[2021.11.19-01.23.04:281][  0]LogConfig: Setting CVar [[r.SceneColorFringeQuality:1]]
[2021.11.19-01.23.04:281][  0]LogConfig: Setting CVar [[r.EyeAdaptationQuality:2]]
[2021.11.19-01.23.04:281][  0]LogConfig: Setting CVar [[r.BloomQuality:5]]
[2021.11.19-01.23.04:281][  0]LogConfig: Setting CVar [[r.FastBlurThreshold:100]]
[2021.11.19-01.23.04:281][  0]LogConfig: Setting CVar [[r.Upscale.Quality:3]]
[2021.11.19-01.23.04:281][  0]LogConfig: Setting CVar [[r.Tonemapper.GrainQuantization:1]]
[2021.11.19-01.23.04:281][  0]LogConfig: Setting CVar [[r.LightShaftQuality:1]]
[2021.11.19-01.23.04:281][  0]LogConfig: Setting CVar [[r.Filter.SizeScale:1]]
[2021.11.19-01.23.04:281][  0]LogConfig: Setting CVar [[r.Tonemapper.Quality:5]]
[2021.11.19-01.23.04:281][  0]LogConfig: Setting CVar [[r.DOF.Gather.AccumulatorQuality:1        ; higher gathering accumulator quality]]
[2021.11.19-01.23.04:281][  0]LogConfig: Setting CVar [[r.DOF.Gather.PostfilterMethod:1          ; Median3x3 postfilering method]]
[2021.11.19-01.23.04:281][  0]LogConfig: Setting CVar [[r.DOF.Gather.EnableBokehSettings:0       ; no bokeh simulation when gathering]]
[2021.11.19-01.23.04:281][  0]LogConfig: Setting CVar [[r.DOF.Gather.RingCount:4                 ; medium number of samples when gathering]]
[2021.11.19-01.23.04:281][  0]LogConfig: Setting CVar [[r.DOF.Scatter.ForegroundCompositing:1    ; additive foreground scattering]]
[2021.11.19-01.23.04:281][  0]LogConfig: Setting CVar [[r.DOF.Scatter.BackgroundCompositing:2    ; additive background scattering]]
[2021.11.19-01.23.04:281][  0]LogConfig: Setting CVar [[r.DOF.Scatter.EnableBokehSettings:1      ; bokeh simulation when scattering]]
[2021.11.19-01.23.04:281][  0]LogConfig: Setting CVar [[r.DOF.Scatter.MaxSpriteRatio:0.1         ; only a maximum of 10% of scattered bokeh]]
[2021.11.19-01.23.04:281][  0]LogConfig: Setting CVar [[r.DOF.Recombine.Quality:1                ; cheap slight out of focus]]
[2021.11.19-01.23.04:281][  0]LogConfig: Setting CVar [[r.DOF.Recombine.EnableBokehSettings:0    ; no bokeh simulation on slight out of focus]]
[2021.11.19-01.23.04:281][  0]LogConfig: Setting CVar [[r.DOF.TemporalAAQuality:1                ; more stable temporal accumulation]]
[2021.11.19-01.23.04:281][  0]LogConfig: Setting CVar [[r.DOF.Kernel.MaxForegroundRadius:0.025]]
[2021.11.19-01.23.04:281][  0]LogConfig: Setting CVar [[r.DOF.Kernel.MaxBackgroundRadius:0.025]]
[2021.11.19-01.23.04:281][  0]LogConfig: Applying CVar settings from Section [TextureQuality@3] File [C:/Users/Ryzen 3700x/Documents/GitHub/SiberiaSecret/Saved/Config/Windows/Scalability.ini]
[2021.11.19-01.23.04:281][  0]LogConfig: Setting CVar [[r.Streaming.MipBias:0]]
[2021.11.19-01.23.04:281][  0]LogConfig: Setting CVar [[r.Streaming.AmortizeCPUToGPUCopy:0]]
[2021.11.19-01.23.04:281][  0]LogConfig: Setting CVar [[r.Streaming.MaxNumTexturesToStreamPerFrame:0]]
[2021.11.19-01.23.04:281][  0]LogConfig: Setting CVar [[r.Streaming.Boost:1]]
[2021.11.19-01.23.04:281][  0]LogConfig: Setting CVar [[r.MaxAnisotropy:8]]
[2021.11.19-01.23.04:281][  0]LogConfig: Setting CVar [[r.VT.MaxAnisotropy:8]]
[2021.11.19-01.23.04:281][  0]LogConfig: Setting CVar [[r.Streaming.LimitPoolSizeToVRAM:0]]
[2021.11.19-01.23.04:281][  0]LogConfig: Setting CVar [[r.Streaming.PoolSize:1000]]
[2021.11.19-01.23.04:281][  0]LogConfig: Setting CVar [[r.Streaming.MaxEffectiveScreenSize:0]]
[2021.11.19-01.23.04:281][  0]LogConfig: Applying CVar settings from Section [EffectsQuality@3] File [C:/Users/Ryzen 3700x/Documents/GitHub/SiberiaSecret/Saved/Config/Windows/Scalability.ini]
[2021.11.19-01.23.04:281][  0]LogConfig: Setting CVar [[r.TranslucencyLightingVolumeDim:64]]
[2021.11.19-01.23.04:281][  0]LogConfig: Setting CVar [[r.RefractionQuality:2]]
[2021.11.19-01.23.04:281][  0]LogConfig: Setting CVar [[r.SSR.Quality:3]]
[2021.11.19-01.23.04:281][  0]LogConfig: Setting CVar [[r.SSR.HalfResSceneColor:0]]
[2021.11.19-01.23.04:281][  0]LogConfig: Setting CVar [[r.SceneColorFormat:4]]
[2021.11.19-01.23.04:281][  0]LogConfig: Setting CVar [[r.DetailMode:2]]
[2021.11.19-01.23.04:281][  0]LogConfig: Setting CVar [[r.TranslucencyVolumeBlur:1]]
[2021.11.19-01.23.04:281][  0]LogConfig: Setting CVar [[r.MaterialQualityLevel:1 ; High quality]]
[2021.11.19-01.23.04:281][  0]LogConfig: Setting CVar [[r.AnisotropicMaterials:1]]
[2021.11.19-01.23.04:281][  0]LogConfig: Setting CVar [[r.SSS.Scale:1]]
[2021.11.19-01.23.04:281][  0]LogConfig: Setting CVar [[r.SSS.SampleSet:2]]
[2021.11.19-01.23.04:281][  0]LogConfig: Setting CVar [[r.SSS.Quality:1]]
[2021.11.19-01.23.04:281][  0]LogConfig: Setting CVar [[r.SSS.HalfRes:0]]
[2021.11.19-01.23.04:281][  0]LogConfig: Setting CVar [[r.SSGI.Quality:3]]
[2021.11.19-01.23.04:281][  0]LogConfig: Setting CVar [[r.EmitterSpawnRateScale:1.0]]
[2021.11.19-01.23.04:281][  0]LogConfig: Setting CVar [[r.ParticleLightQuality:2]]
[2021.11.19-01.23.04:281][  0]LogConfig: Setting CVar [[r.SkyAtmosphere.AerialPerspectiveLUT.FastApplyOnOpaque:1 ; Always have FastSkyLUT 1 in this case to avoid wrong sky]]
[2021.11.19-01.23.04:281][  0]LogConfig: Setting CVar [[r.SkyAtmosphere.AerialPerspectiveLUT.SampleCountMaxPerSlice:4]]
[2021.11.19-01.23.04:281][  0]LogConfig: Setting CVar [[r.SkyAtmosphere.AerialPerspectiveLUT.DepthResolution:16.0]]
[2021.11.19-01.23.04:281][  0]LogConfig: Setting CVar [[r.SkyAtmosphere.FastSkyLUT:1]]
[2021.11.19-01.23.04:281][  0]LogConfig: Setting CVar [[r.SkyAtmosphere.FastSkyLUT.SampleCountMin:4.0]]
[2021.11.19-01.23.04:281][  0]LogConfig: Setting CVar [[r.SkyAtmosphere.FastSkyLUT.SampleCountMax:128.0]]
[2021.11.19-01.23.04:281][  0]LogConfig: Setting CVar [[r.SkyAtmosphere.SampleCountMin:4.0]]
[2021.11.19-01.23.04:281][  0]LogConfig: Setting CVar [[r.SkyAtmosphere.SampleCountMax:128.0]]
[2021.11.19-01.23.04:281][  0]LogConfig: Setting CVar [[r.SkyAtmosphere.TransmittanceLUT.UseSmallFormat:0]]
[2021.11.19-01.23.04:281][  0]LogConfig: Setting CVar [[r.SkyAtmosphere.TransmittanceLUT.SampleCount:10.0]]
[2021.11.19-01.23.04:281][  0]LogConfig: Setting CVar [[r.SkyAtmosphere.MultiScatteringLUT.SampleCount:15.0]]
[2021.11.19-01.23.04:281][  0]LogConfig: Setting CVar [[r.SkyLight.RealTimeReflectionCapture:1]]
[2021.11.19-01.23.04:281][  0]LogConfig: Applying CVar settings from Section [FoliageQuality@3] File [C:/Users/Ryzen 3700x/Documents/GitHub/SiberiaSecret/Saved/Config/Windows/Scalability.ini]
[2021.11.19-01.23.04:281][  0]LogConfig: Setting CVar [[foliage.DensityScale:1.0]]
[2021.11.19-01.23.04:281][  0]LogConfig: Setting CVar [[grass.DensityScale:1.0]]
[2021.11.19-01.23.04:281][  0]LogConfig: Applying CVar settings from Section [ShadingQuality@3] File [C:/Users/Ryzen 3700x/Documents/GitHub/SiberiaSecret/Saved/Config/Windows/Scalability.ini]
[2021.11.19-01.23.04:281][  0]LogConfig: Setting CVar [[r.HairStrands.SkyLighting.IntegrationType:2]]
[2021.11.19-01.23.04:281][  0]LogConfig: Setting CVar [[r.HairStrands.SkyAO.SampleCount:4]]
[2021.11.19-01.23.04:281][  0]LogConfig: Setting CVar [[r.HairStrands.Visibility.MSAA.SamplePerPixel:4]]
[2021.11.19-01.23.04:281][  0]LogInit: Selected Device Profile: [Windows]
[2021.11.19-01.23.04:281][  0]LogInit: Applying CVar settings loaded from the selected device profile: [Windows]
[2021.11.19-01.23.04:281][  0]LogHAL: Display: Platform has ~ 32 GB [34305236992 / 34359738368 / 32], which maps to Largest [LargestMinGB=32, LargerMinGB=12, DefaultMinGB=8, SmallerMinGB=6, SmallestMinGB=0)
[2021.11.19-01.23.04:281][  0]LogInit: Going up to parent DeviceProfile []
[2021.11.19-01.23.04:281][  0]LogConfig: Applying CVar settings from Section [ViewDistanceQuality@3] File [C:/Users/Ryzen 3700x/Documents/GitHub/SiberiaSecret/Saved/Config/Windows/Scalability.ini]
[2021.11.19-01.23.04:281][  0]LogConfig: Setting CVar [[r.SkeletalMeshLODBias:0]]
[2021.11.19-01.23.04:281][  0]LogConfig: Setting CVar [[r.ViewDistanceScale:1.0]]
[2021.11.19-01.23.04:281][  0]LogConfig: Applying CVar settings from Section [AntiAliasingQuality@3] File [C:/Users/Ryzen 3700x/Documents/GitHub/SiberiaSecret/Saved/Config/Windows/Scalability.ini]
[2021.11.19-01.23.04:282][  0]LogConfig: Setting CVar [[r.PostProcessAAQuality:4]]
[2021.11.19-01.23.04:282][  0]LogConfig: Applying CVar settings from Section [ShadowQuality@3] File [C:/Users/Ryzen 3700x/Documents/GitHub/SiberiaSecret/Saved/Config/Windows/Scalability.ini]
[2021.11.19-01.23.04:282][  0]LogConfig: Setting CVar [[r.LightFunctionQuality:1]]
[2021.11.19-01.23.04:282][  0]LogConfig: Setting CVar [[r.ShadowQuality:5]]
[2021.11.19-01.23.04:282][  0]LogConfig: Setting CVar [[r.Shadow.CSM.MaxCascades:10]]
[2021.11.19-01.23.04:282][  0]LogConfig: Setting CVar [[r.Shadow.MaxResolution:2048]]
[2021.11.19-01.23.04:282][  0]LogConfig: Setting CVar [[r.Shadow.MaxCSMResolution:2048]]
[2021.11.19-01.23.04:282][  0]LogConfig: Setting CVar [[r.Shadow.RadiusThreshold:0.01]]
[2021.11.19-01.23.04:282][  0]LogConfig: Setting CVar [[r.Shadow.DistanceScale:1.0]]
[2021.11.19-01.23.04:282][  0]LogConfig: Setting CVar [[r.Shadow.CSM.TransitionScale:1.0]]
[2021.11.19-01.23.04:282][  0]LogConfig: Setting CVar [[r.Shadow.PreShadowResolutionFactor:1.0]]
[2021.11.19-01.23.04:282][  0]LogConfig: Setting CVar [[r.DistanceFieldShadowing:1]]
[2021.11.19-01.23.04:282][  0]LogConfig: Setting CVar [[r.DistanceFieldAO:1]]
[2021.11.19-01.23.04:282][  0]LogConfig: Setting CVar [[r.AOQuality:2]]
[2021.11.19-01.23.04:282][  0]LogConfig: Setting CVar [[r.VolumetricFog:1]]
[2021.11.19-01.23.04:282][  0]LogConfig: Setting CVar [[r.VolumetricFog.GridPixelSize:8]]
[2021.11.19-01.23.04:282][  0]LogConfig: Setting CVar [[r.VolumetricFog.GridSizeZ:128]]
[2021.11.19-01.23.04:282][  0]LogConfig: Setting CVar [[r.VolumetricFog.HistoryMissSupersampleCount:4]]
[2021.11.19-01.23.04:282][  0]LogConfig: Setting CVar [[r.LightMaxDrawDistanceScale:1]]
[2021.11.19-01.23.04:282][  0]LogConfig: Setting CVar [[r.CapsuleShadows:1]]
[2021.11.19-01.23.04:282][  0]LogConfig: Applying CVar settings from Section [PostProcessQuality@3] File [C:/Users/Ryzen 3700x/Documents/GitHub/SiberiaSecret/Saved/Config/Windows/Scalability.ini]
[2021.11.19-01.23.04:282][  0]LogConfig: Setting CVar [[r.MotionBlurQuality:4]]
[2021.11.19-01.23.04:282][  0]LogConfig: Setting CVar [[r.AmbientOcclusionMipLevelFactor:0.4]]
[2021.11.19-01.23.04:282][  0]LogConfig: Setting CVar [[r.AmbientOcclusionMaxQuality:100]]
[2021.11.19-01.23.04:282][  0]LogConfig: Setting CVar [[r.AmbientOcclusionLevels:-1]]
[2021.11.19-01.23.04:282][  0]LogConfig: Setting CVar [[r.AmbientOcclusionRadiusScale:1.0]]
[2021.11.19-01.23.04:282][  0]LogConfig: Setting CVar [[r.DepthOfFieldQuality:2]]
[2021.11.19-01.23.04:282][  0]LogConfig: Setting CVar [[r.RenderTargetPoolMin:400]]
[2021.11.19-01.23.04:282][  0]LogConfig: Setting CVar [[r.LensFlareQuality:2]]
[2021.11.19-01.23.04:282][  0]LogConfig: Setting CVar [[r.SceneColorFringeQuality:1]]
[2021.11.19-01.23.04:282][  0]LogConfig: Setting CVar [[r.EyeAdaptationQuality:2]]
[2021.11.19-01.23.04:282][  0]LogConfig: Setting CVar [[r.BloomQuality:5]]
[2021.11.19-01.23.04:282][  0]LogConfig: Setting CVar [[r.FastBlurThreshold:100]]
[2021.11.19-01.23.04:282][  0]LogConfig: Setting CVar [[r.Upscale.Quality:3]]
[2021.11.19-01.23.04:282][  0]LogConfig: Setting CVar [[r.Tonemapper.GrainQuantization:1]]
[2021.11.19-01.23.04:282][  0]LogConfig: Setting CVar [[r.LightShaftQuality:1]]
[2021.11.19-01.23.04:282][  0]LogConfig: Setting CVar [[r.Filter.SizeScale:1]]
[2021.11.19-01.23.04:282][  0]LogConfig: Setting CVar [[r.Tonemapper.Quality:5]]
[2021.11.19-01.23.04:282][  0]LogConfig: Setting CVar [[r.DOF.Gather.AccumulatorQuality:1        ; higher gathering accumulator quality]]
[2021.11.19-01.23.04:282][  0]LogConfig: Setting CVar [[r.DOF.Gather.PostfilterMethod:1          ; Median3x3 postfilering method]]
[2021.11.19-01.23.04:282][  0]LogConfig: Setting CVar [[r.DOF.Gather.EnableBokehSettings:0       ; no bokeh simulation when gathering]]
[2021.11.19-01.23.04:282][  0]LogConfig: Setting CVar [[r.DOF.Gather.RingCount:4                 ; medium number of samples when gathering]]
[2021.11.19-01.23.04:282][  0]LogConfig: Setting CVar [[r.DOF.Scatter.ForegroundCompositing:1    ; additive foreground scattering]]
[2021.11.19-01.23.04:282][  0]LogConfig: Setting CVar [[r.DOF.Scatter.BackgroundCompositing:2    ; additive background scattering]]
[2021.11.19-01.23.04:282][  0]LogConfig: Setting CVar [[r.DOF.Scatter.EnableBokehSettings:1      ; bokeh simulation when scattering]]
[2021.11.19-01.23.04:282][  0]LogConfig: Setting CVar [[r.DOF.Scatter.MaxSpriteRatio:0.1         ; only a maximum of 10% of scattered bokeh]]
[2021.11.19-01.23.04:282][  0]LogConfig: Setting CVar [[r.DOF.Recombine.Quality:1                ; cheap slight out of focus]]
[2021.11.19-01.23.04:282][  0]LogConfig: Setting CVar [[r.DOF.Recombine.EnableBokehSettings:0    ; no bokeh simulation on slight out of focus]]
[2021.11.19-01.23.04:282][  0]LogConfig: Setting CVar [[r.DOF.TemporalAAQuality:1                ; more stable temporal accumulation]]
[2021.11.19-01.23.04:282][  0]LogConfig: Setting CVar [[r.DOF.Kernel.MaxForegroundRadius:0.025]]
[2021.11.19-01.23.04:282][  0]LogConfig: Setting CVar [[r.DOF.Kernel.MaxBackgroundRadius:0.025]]
[2021.11.19-01.23.04:282][  0]LogConfig: Applying CVar settings from Section [TextureQuality@3] File [C:/Users/Ryzen 3700x/Documents/GitHub/SiberiaSecret/Saved/Config/Windows/Scalability.ini]
[2021.11.19-01.23.04:282][  0]LogConfig: Setting CVar [[r.Streaming.MipBias:0]]
[2021.11.19-01.23.04:282][  0]LogConfig: Setting CVar [[r.Streaming.AmortizeCPUToGPUCopy:0]]
[2021.11.19-01.23.04:282][  0]LogConfig: Setting CVar [[r.Streaming.MaxNumTexturesToStreamPerFrame:0]]
[2021.11.19-01.23.04:282][  0]LogConfig: Setting CVar [[r.Streaming.Boost:1]]
[2021.11.19-01.23.04:282][  0]LogConfig: Setting CVar [[r.MaxAnisotropy:8]]
[2021.11.19-01.23.04:282][  0]LogConfig: Setting CVar [[r.VT.MaxAnisotropy:8]]
[2021.11.19-01.23.04:282][  0]LogConfig: Setting CVar [[r.Streaming.LimitPoolSizeToVRAM:0]]
[2021.11.19-01.23.04:282][  0]LogConfig: Setting CVar [[r.Streaming.PoolSize:1000]]
[2021.11.19-01.23.04:282][  0]LogConfig: Setting CVar [[r.Streaming.MaxEffectiveScreenSize:0]]
[2021.11.19-01.23.04:282][  0]LogConfig: Applying CVar settings from Section [EffectsQuality@3] File [C:/Users/Ryzen 3700x/Documents/GitHub/SiberiaSecret/Saved/Config/Windows/Scalability.ini]
[2021.11.19-01.23.04:282][  0]LogConfig: Setting CVar [[r.TranslucencyLightingVolumeDim:64]]
[2021.11.19-01.23.04:282][  0]LogConfig: Setting CVar [[r.RefractionQuality:2]]
[2021.11.19-01.23.04:282][  0]LogConfig: Setting CVar [[r.SSR.Quality:3]]
[2021.11.19-01.23.04:282][  0]LogConfig: Setting CVar [[r.SSR.HalfResSceneColor:0]]
[2021.11.19-01.23.04:282][  0]LogConfig: Setting CVar [[r.SceneColorFormat:4]]
[2021.11.19-01.23.04:282][  0]LogConfig: Setting CVar [[r.DetailMode:2]]
[2021.11.19-01.23.04:282][  0]LogConfig: Setting CVar [[r.TranslucencyVolumeBlur:1]]
[2021.11.19-01.23.04:282][  0]LogConfig: Setting CVar [[r.MaterialQualityLevel:1 ; High quality]]
[2021.11.19-01.23.04:282][  0]LogConfig: Setting CVar [[r.AnisotropicMaterials:1]]
[2021.11.19-01.23.04:282][  0]LogConfig: Setting CVar [[r.SSS.Scale:1]]
[2021.11.19-01.23.04:282][  0]LogConfig: Setting CVar [[r.SSS.SampleSet:2]]
[2021.11.19-01.23.04:282][  0]LogConfig: Setting CVar [[r.SSS.Quality:1]]
[2021.11.19-01.23.04:282][  0]LogConfig: Setting CVar [[r.SSS.HalfRes:0]]
[2021.11.19-01.23.04:282][  0]LogConfig: Setting CVar [[r.SSGI.Quality:3]]
[2021.11.19-01.23.04:282][  0]LogConfig: Setting CVar [[r.EmitterSpawnRateScale:1.0]]
[2021.11.19-01.23.04:282][  0]LogConfig: Setting CVar [[r.ParticleLightQuality:2]]
[2021.11.19-01.23.04:282][  0]LogConfig: Setting CVar [[r.SkyAtmosphere.AerialPerspectiveLUT.FastApplyOnOpaque:1 ; Always have FastSkyLUT 1 in this case to avoid wrong sky]]
[2021.11.19-01.23.04:282][  0]LogConfig: Setting CVar [[r.SkyAtmosphere.AerialPerspectiveLUT.SampleCountMaxPerSlice:4]]
[2021.11.19-01.23.04:282][  0]LogConfig: Setting CVar [[r.SkyAtmosphere.AerialPerspectiveLUT.DepthResolution:16.0]]
[2021.11.19-01.23.04:282][  0]LogConfig: Setting CVar [[r.SkyAtmosphere.FastSkyLUT:1]]
[2021.11.19-01.23.04:282][  0]LogConfig: Setting CVar [[r.SkyAtmosphere.FastSkyLUT.SampleCountMin:4.0]]
[2021.11.19-01.23.04:282][  0]LogConfig: Setting CVar [[r.SkyAtmosphere.FastSkyLUT.SampleCountMax:128.0]]
[2021.11.19-01.23.04:282][  0]LogConfig: Setting CVar [[r.SkyAtmosphere.SampleCountMin:4.0]]
[2021.11.19-01.23.04:282][  0]LogConfig: Setting CVar [[r.SkyAtmosphere.SampleCountMax:128.0]]
[2021.11.19-01.23.04:282][  0]LogConfig: Setting CVar [[r.SkyAtmosphere.TransmittanceLUT.UseSmallFormat:0]]
[2021.11.19-01.23.04:282][  0]LogConfig: Setting CVar [[r.SkyAtmosphere.TransmittanceLUT.SampleCount:10.0]]
[2021.11.19-01.23.04:282][  0]LogConfig: Setting CVar [[r.SkyAtmosphere.MultiScatteringLUT.SampleCount:15.0]]
[2021.11.19-01.23.04:282][  0]LogConfig: Setting CVar [[r.SkyLight.RealTimeReflectionCapture:1]]
[2021.11.19-01.23.04:282][  0]LogConfig: Applying CVar settings from Section [FoliageQuality@3] File [C:/Users/Ryzen 3700x/Documents/GitHub/SiberiaSecret/Saved/Config/Windows/Scalability.ini]
[2021.11.19-01.23.04:282][  0]LogConfig: Setting CVar [[foliage.DensityScale:1.0]]
[2021.11.19-01.23.04:282][  0]LogConfig: Setting CVar [[grass.DensityScale:1.0]]
[2021.11.19-01.23.04:282][  0]LogConfig: Applying CVar settings from Section [ShadingQuality@3] File [C:/Users/Ryzen 3700x/Documents/GitHub/SiberiaSecret/Saved/Config/Windows/Scalability.ini]
[2021.11.19-01.23.04:282][  0]LogConfig: Setting CVar [[r.HairStrands.SkyLighting.IntegrationType:2]]
[2021.11.19-01.23.04:282][  0]LogConfig: Setting CVar [[r.HairStrands.SkyAO.SampleCount:4]]
[2021.11.19-01.23.04:282][  0]LogConfig: Setting CVar [[r.HairStrands.Visibility.MSAA.SamplePerPixel:4]]
[2021.11.19-01.23.04:282][  0]LogConfig: Applying CVar settings from Section [Startup] File [../../../Engine/Config/ConsoleVariables.ini]
[2021.11.19-01.23.04:283][  0]LogConfig: Setting CVar [[net.UseAdaptiveNetUpdateFrequency:0]]
[2021.11.19-01.23.04:283][  0]LogConfig: Setting CVar [[p.chaos.AllowCreatePhysxBodies:1]]
[2021.11.19-01.23.04:283][  0]LogConfig: Setting CVar [[fx.SkipVectorVMBackendOptimizations:1]]
[2021.11.19-01.23.04:283][  0]LogConfig: Applying CVar settings from Section [ConsoleVariables] File [C:/Users/Ryzen 3700x/Documents/GitHub/SiberiaSecret/Saved/Config/Windows/Engine.ini]
[2021.11.19-01.23.04:283][  0]LogConfig: Applying CVar settings from Section [ConsoleVariables] File [C:/Users/Ryzen 3700x/Documents/GitHub/SiberiaSecret/Saved/Config/Windows/Editor.ini]
[2021.11.19-01.23.04:283][  0]LogInit: Computer: DESKTOP-6S4D91Q
[2021.11.19-01.23.04:283][  0]LogInit: User: Ryzen3700x
[2021.11.19-01.23.04:283][  0]LogInit: CPU Page size=4096, Cores=8
[2021.11.19-01.23.04:283][  0]LogInit: High frequency timer resolution =10.000000 MHz
[2021.11.19-01.23.04:283][  0]LogMemory: Memory total: Physical=31.9GB (32GB approx)
[2021.11.19-01.23.04:283][  0]LogMemory: Platform Memory Stats for Windows
[2021.11.19-01.23.04:283][  0]LogMemory: Process Physical Memory: 151.84 MB used, 151.84 MB peak
[2021.11.19-01.23.04:283][  0]LogMemory: Process Virtual Memory: 131.40 MB used, 131.40 MB peak
[2021.11.19-01.23.04:283][  0]LogMemory: Physical Memory: 10450.40 MB used,  22265.62 MB free, 32716.02 MB total
[2021.11.19-01.23.04:283][  0]LogMemory: Virtual Memory: 134195376.00 MB used,  22349.80 MB free, 134217728.00 MB total
[2021.11.19-01.23.04:289][  0]LogWindows: WindowsPlatformFeatures enabled
[2021.11.19-01.23.04:454][  0]LogInit: Physics initialised using underlying interface: PhysX
[2021.11.19-01.23.04:486][  0]LogInit: Using OS detected language (en-US).
[2021.11.19-01.23.04:486][  0]LogInit: Using OS detected locale (en-US).
[2021.11.19-01.23.04:487][  0]LogTextLocalizationManager: No specific localization for 'en-US' exists, so the 'en' localization will be used.
[2021.11.19-01.23.04:715][  0]LogInit: Setting process to per monitor DPI aware
[2021.11.19-01.23.04:790][  0]LogWindowsTextInputMethodSystem: Display: IME system deactivated.
[2021.11.19-01.23.04:825][  0]LogSlate: New Slate User Created.  User Index 0, Is Virtual User: 0
[2021.11.19-01.23.04:825][  0]LogSlate: Slate User Registered.  User Index 0, Is Virtual User: 0
[2021.11.19-01.23.05:037][  0]LogD3D11RHI: Loaded GFSDK_Aftermath_Lib.x64.dll
[2021.11.19-01.23.05:165][  0]LogHMD: Failed to initialize OpenVR with code 126
[2021.11.19-01.23.05:165][  0]LogD3D11RHI: D3D11 min allowed feature level: 11_0
[2021.11.19-01.23.05:165][  0]LogD3D11RHI: D3D11 max allowed feature level: 11_0
[2021.11.19-01.23.05:165][  0]LogD3D11RHI: D3D11 adapters:
[2021.11.19-01.23.05:261][  0]LogD3D11RHI:    0. 'NVIDIA GeForce RTX 2070' (Feature Level 11_0)
[2021.11.19-01.23.05:261][  0]LogD3D11RHI:       8031/0/16358 MB DedicatedVideo/DedicatedSystem/SharedSystem, Outputs:2, VendorId:0x10de
[2021.11.19-01.23.05:264][  0]LogD3D11RHI:    1. 'Microsoft Basic Render Driver' (Feature Level 11_0)
[2021.11.19-01.23.05:264][  0]LogD3D11RHI:       0/0/16358 MB DedicatedVideo/DedicatedSystem/SharedSystem, Outputs:0, VendorId:0x1414
[2021.11.19-01.23.05:264][  0]LogD3D11RHI: Chosen D3D11 Adapter:
[2021.11.19-01.23.05:264][  0]LogD3D11RHI:     Description : NVIDIA GeForce RTX 2070
[2021.11.19-01.23.05:264][  0]LogD3D11RHI:     VendorId    : 10de
[2021.11.19-01.23.05:264][  0]LogD3D11RHI:     DeviceId    : 1f07
[2021.11.19-01.23.05:264][  0]LogD3D11RHI:     SubSysId    : 151119da
[2021.11.19-01.23.05:264][  0]LogD3D11RHI:     Revision    : 00a1
[2021.11.19-01.23.05:264][  0]LogD3D11RHI:     DedicatedVideoMemory : 8421113856 bytes
[2021.11.19-01.23.05:264][  0]LogD3D11RHI:     DedicatedSystemMemory : 0 bytes
[2021.11.19-01.23.05:264][  0]LogD3D11RHI:     SharedSystemMemory : 17152618496 bytes
[2021.11.19-01.23.05:264][  0]LogD3D11RHI:     AdapterLuid : 0 69859
[2021.11.19-01.23.05:271][  0]LogD3D11RHI: Creating new Direct3DDevice
[2021.11.19-01.23.05:271][  0]LogD3D11RHI:     GPU DeviceId: 0x1f07 (for the marketing name, search the web for "GPU Device Id")
[2021.11.19-01.23.05:271][  0]LogWindows: EnumDisplayDevices:
[2021.11.19-01.23.05:271][  0]LogWindows:    0. 'NVIDIA GeForce RTX 2070' (P:1 D:1)
[2021.11.19-01.23.05:272][  0]LogWindows:    1. 'NVIDIA GeForce RTX 2070' (P:0 D:1)
[2021.11.19-01.23.05:272][  0]LogWindows:    2. 'NVIDIA GeForce RTX 2070' (P:0 D:0)
[2021.11.19-01.23.05:272][  0]LogWindows:    3. 'NVIDIA GeForce RTX 2070' (P:0 D:0)
[2021.11.19-01.23.05:272][  0]LogWindows: DebugString: FoundDriverCount:4 
[2021.11.19-01.23.05:272][  0]LogD3D11RHI:     Adapter Name: NVIDIA GeForce RTX 2070
[2021.11.19-01.23.05:272][  0]LogD3D11RHI:   Driver Version: 496.76 (internal:30.0.14.9676, unified:496.76)
[2021.11.19-01.23.05:272][  0]LogD3D11RHI:      Driver Date: 11-9-2021
[2021.11.19-01.23.05:272][  0]LogRHI: Texture pool is 5621 MB (70% of 8031 MB)
[2021.11.19-01.23.05:272][  0]LogD3D11RHI: Creating D3DDevice using adapter:
[2021.11.19-01.23.05:272][  0]LogD3D11RHI:     Description : NVIDIA GeForce RTX 2070
[2021.11.19-01.23.05:272][  0]LogD3D11RHI:     VendorId    : 10de
[2021.11.19-01.23.05:272][  0]LogD3D11RHI:     DeviceId    : 1f07
[2021.11.19-01.23.05:272][  0]LogD3D11RHI:     SubSysId    : 151119da
[2021.11.19-01.23.05:272][  0]LogD3D11RHI:     Revision    : 00a1
[2021.11.19-01.23.05:272][  0]LogD3D11RHI:     DedicatedVideoMemory : 8421113856 bytes
[2021.11.19-01.23.05:272][  0]LogD3D11RHI:     DedicatedSystemMemory : 0 bytes
[2021.11.19-01.23.05:272][  0]LogD3D11RHI:     SharedSystemMemory : 17152618496 bytes
[2021.11.19-01.23.05:272][  0]LogD3D11RHI:     AdapterLuid : 0 69859
[2021.11.19-01.23.05:374][  0]LogD3D11RHI: RHI has support for 64 bit atomics
[2021.11.19-01.23.05:374][  0]LogD3D11RHI: Async texture creation enabled
[2021.11.19-01.23.05:374][  0]LogD3D11RHI: Array index from any shader is supported
[2021.11.19-01.23.05:398][  0]LogD3D11RHI: GPU Timing Frequency: 1000.000000 (Debug: 2 1)
[2021.11.19-01.23.05:422][  0]LogRHI: GeForceNow SDK initialized: 1
[2021.11.19-01.23.05:764][  0]LogTargetPlatformManager: Display: Loaded TargetPlatform 'AllDesktop'
[2021.11.19-01.23.05:784][  0]LogTargetPlatformManager: Display: Loaded TargetPlatform 'Android'
[2021.11.19-01.23.05:784][  0]LogTargetPlatformManager: Display: Loaded TargetPlatform 'Android_ASTC'
[2021.11.19-01.23.05:784][  0]LogTargetPlatformManager: Display: Loaded TargetPlatform 'Android_DXT'
[2021.11.19-01.23.05:784][  0]LogTargetPlatformManager: Display: Loaded TargetPlatform 'Android_ETC2'
[2021.11.19-01.23.05:784][  0]LogTargetPlatformManager: Display: Loaded TargetPlatform 'AndroidClient'
[2021.11.19-01.23.05:784][  0]LogTargetPlatformManager: Display: Loaded TargetPlatform 'Android_ASTCClient'
[2021.11.19-01.23.05:784][  0]LogTargetPlatformManager: Display: Loaded TargetPlatform 'Android_DXTClient'
[2021.11.19-01.23.05:784][  0]LogTargetPlatformManager: Display: Loaded TargetPlatform 'Android_ETC2Client'
[2021.11.19-01.23.05:784][  0]LogTargetPlatformManager: Display: Loaded TargetPlatform 'Android_Multi'
[2021.11.19-01.23.05:784][  0]LogTargetPlatformManager: Display: Loaded TargetPlatform 'Android_MultiClient'
[2021.11.19-01.23.05:924][  0]LogTargetPlatformManager: Display: Loaded TargetPlatform 'IOSClient'
[2021.11.19-01.23.05:924][  0]LogTargetPlatformManager: Display: Loaded TargetPlatform 'IOS'
[2021.11.19-01.23.05:950][  0]LogTargetPlatformManager: Display: Loaded TargetPlatform 'Linux'
[2021.11.19-01.23.05:971][  0]LogTargetPlatformManager: Display: Loaded TargetPlatform 'LinuxNoEditor'
[2021.11.19-01.23.05:999][  0]LogTargetPlatformManager: Display: Loaded TargetPlatform 'LinuxClient'
[2021.11.19-01.23.06:050][  0]LogTargetPlatformManager: Display: Loaded TargetPlatform 'LinuxServer'
[2021.11.19-01.23.06:085][  0]LogTargetPlatformManager: Display: Loaded TargetPlatform 'LinuxAArch64NoEditor'
[2021.11.19-01.23.06:107][  0]LogTargetPlatformManager: Display: Loaded TargetPlatform 'LinuxAArch64Client'
[2021.11.19-01.23.06:143][  0]LogTargetPlatformManager: Display: Loaded TargetPlatform 'LinuxAArch64Server'
[2021.11.19-01.23.06:180][  0]LogTargetPlatformManager: Display: Loaded TargetPlatform 'Lumin'
[2021.11.19-01.23.06:180][  0]LogTargetPlatformManager: Display: Loaded TargetPlatform 'LuminClient'
[2021.11.19-01.23.06:200][  0]LogTargetPlatformManager: Display: Loaded TargetPlatform 'MacNoEditor'
[2021.11.19-01.23.06:220][  0]LogTargetPlatformManager: Display: Loaded TargetPlatform 'Mac'
[2021.11.19-01.23.06:241][  0]LogTargetPlatformManager: Display: Loaded TargetPlatform 'MacClient'
[2021.11.19-01.23.06:245][  0]LogTargetPlatformManager: Display: Loaded TargetPlatform 'MacServer'
[2021.11.19-01.23.06:253][  0]LogTargetPlatformManager: Display: Loaded TargetPlatform 'TVOSClient'
[2021.11.19-01.23.06:253][  0]LogTargetPlatformManager: Display: Loaded TargetPlatform 'TVOS'
[2021.11.19-01.23.06:311][  0]LogTargetPlatformManager: Display: Loaded TargetPlatform 'WindowsNoEditor'
[2021.11.19-01.23.06:333][  0]LogTargetPlatformManager: Display: Loaded TargetPlatform 'Windows'
[2021.11.19-01.23.06:348][  0]LogTargetPlatformManager: Display: Loaded TargetPlatform 'WindowsClient'
[2021.11.19-01.23.06:368][  0]LogTargetPlatformManager: Display: Loaded TargetPlatform 'WindowsServer'
[2021.11.19-01.23.06:368][  0]LogTargetPlatformManager: Display: Building Assets For Windows
[2021.11.19-01.23.06:375][  0]LogAudioDebug: Display: Lib vorbis DLL was dynamically loaded.
[2021.11.19-01.23.06:499][  0]LogTextureFormatOodle: Display: Oodle Texture 2.9.0 init RDO Off
[2021.11.19-01.23.06:823][  0]LogRendererCore: Ray tracing is disabled. Reason: r.RayTracing=0.
[2021.11.19-01.23.06:823][  0]LogShaderCompilers: Guid format shader working directory is 1 characters bigger than the processId version (C:/Users/Ryzen 3700x/Documents/GitHub/SiberiaSecret/Intermediate/Shaders/WorkingDirectory/3664/).
[2021.11.19-01.23.06:823][  0]LogShaderCompilers: Cleaned the shader compiler working directory 'C:/Users/Ryzen 3700x/AppData/Local/Temp/UnrealShaderWorkingDir/275BB3674149547618E627BAD431CF85/'.
[2021.11.19-01.23.06:823][  0]LogXGEController: Cannot use XGE Controller as Incredibuild is not installed on this machine.
[2021.11.19-01.23.06:823][  0]LogShaderCompilers: Cannot use XGE Shader Compiler as Incredibuild is not installed on this machine.
[2021.11.19-01.23.06:823][  0]LogShaderCompilers: Display: Using Local Shader Compiler.
[2021.11.19-01.23.07:445][  0]LogDerivedDataCache: Display: Max Cache Size: 512 MB
[2021.11.19-01.23.07:489][  0]LogDerivedDataCache: Loaded boot cache 0.04s 95MB C:/Users/Ryzen 3700x/AppData/Local/UnrealEngine/4.27/DerivedDataCache/Boot.ddc.
[2021.11.19-01.23.07:489][  0]LogDerivedDataCache: Display: Loaded Boot cache: C:/Users/Ryzen 3700x/AppData/Local/UnrealEngine/4.27/DerivedDataCache/Boot.ddc
[2021.11.19-01.23.07:489][  0]LogDerivedDataCache: FDerivedDataBackendGraph:  Pak pak cache file C:/Users/Ryzen 3700x/Documents/GitHub/SiberiaSecret/DerivedDataCache/DDC.ddp not found, will not use a pak cache.
[2021.11.19-01.23.07:489][  0]LogDerivedDataCache: Unable to find inner node Pak for hierarchical cache Hierarchy.
[2021.11.19-01.23.07:489][  0]LogDerivedDataCache: FDerivedDataBackendGraph:  CompressedPak pak cache file C:/Users/Ryzen 3700x/Documents/GitHub/SiberiaSecret/DerivedDataCache/Compressed.ddp not found, will not use a pak cache.
[2021.11.19-01.23.07:489][  0]LogDerivedDataCache: Unable to find inner node CompressedPak for hierarchical cache Hierarchy.
[2021.11.19-01.23.07:504][  0]LogDerivedDataCache: Display: Pak cache opened for reading ../../../Engine/DerivedDataCache/Compressed.ddp.
[2021.11.19-01.23.07:504][  0]LogDerivedDataCache: FDerivedDataBackendGraph:  EnterprisePak pak cache file ../../../Enterprise/DerivedDataCache/Compressed.ddp not found, will not use a pak cache.
[2021.11.19-01.23.07:504][  0]LogDerivedDataCache: Unable to find inner node EnterprisePak for hierarchical cache Hierarchy.
[2021.11.19-01.23.07:510][  0]LogDerivedDataCache: Speed tests for C:/Users/Ryzen 3700x/AppData/Local/UnrealEngine/Common/DerivedDataCache took 0.01 seconds
[2021.11.19-01.23.07:510][  0]LogDerivedDataCache: Display: Performance to C:/Users/Ryzen 3700x/AppData/Local/UnrealEngine/Common/DerivedDataCache: Latency=0.03ms. RandomReadSpeed=1440.71MBs, RandomWriteSpeed=190.57MBs. Assigned SpeedClass 'Local'
[2021.11.19-01.23.07:511][  0]LogDerivedDataCache: Using Local data cache path C:/Users/Ryzen 3700x/AppData/Local/UnrealEngine/Common/DerivedDataCache: Writable
[2021.11.19-01.23.07:511][  0]LogDerivedDataCache: Shared data cache path not found in *engine.ini, will not use an Shared cache.
[2021.11.19-01.23.07:511][  0]LogDerivedDataCache: Unable to find inner node Shared for hierarchical cache Hierarchy.
[2021.11.19-01.23.07:551][  0]LogSlate: Using FreeType 2.10.0
[2021.11.19-01.23.07:551][  0]LogSlate: SlateFontServices - WITH_FREETYPE: 1, WITH_HARFBUZZ: 1
[2021.11.19-01.23.07:714][  0]LogAssetRegistry: FAssetRegistry took 0.0030 seconds to start up
[2021.11.19-01.23.07:929][  0]LogInit: Selected Device Profile: [Windows]
[2021.11.19-01.23.07:929][  0]LogInit: Active device profile: [00000188D7B44D00][00000188D7FD3B40 49] Windows
[2021.11.19-01.23.07:929][  0]LogInit: Profiles: [00000188D7B44D00][00000188D7FD3B40 49] Windows, [00000188D7AFE300][00000188D7FDA140 49] WindowsNoEditor, [00000188D7B45C00][00000188D7FDE2C0 49] WindowsServer, [00000188D7AFF100][00000188D7FE2440 49] WindowsClient, [00000188D7B46900][00000188D7FD6580 49] IOS, [00000188D7AFDA00][00000188D7FE66C0 49] iPadAir, [00000188D7B47E00][00000188D7FEA800 49] iPadAir2, [00000188D7A81100][00000188D7FF6A80 49] IPadPro, [00000188D7A81200][00000188D7FEEAC0 49] iPadAir3, [00000188D7AFCC00][00000188D7FFAC40 49] iPadAir4, [00000188D7A81E00][00000188D7FFEDC0 49] iPadMini2, [00000188D7AFF300][00000188D8002F40 49] iPadMini3, [00000188D7A83900][00000188D80570C0 49] iPadMini4, [00000188D7AFD000][00000188D805F240 49] iPadMini5, [00000188D7A88900][00000188D8067500 49] iPhone6, [00000188D7A88A00][00000188D8063540 49] iPodTouch6, [00000188D7B46E00][00000188D806F800 49] iPhone7, [00000188D7B46F00][00000188D806B840 49] iPodTouch7, [00000188D7A83E00][00000188D80739C0 49] iPhone5S, [00000188D7B45100][00000188D8077B40 49] iPhone6Plus, [00000188D7A88100][00000188D807A140 49] iPhone6S, [00000188D7A80300][00000188D807E2C0 49] iPhone6SPlus, [00000188D7A8A800][00000188D8082440 49] iPhone7Plus, [00000188D7A82300][00000188D80865C0 49] iPhoneSE, [00000188D7A8A600][00000188D808A740 49] iPhone8, [00000188D7A81000][00000188D7FF2880 49] iPhone8Plus, [00000188D7A8B100][00000188D808E9C0 49] iPhoneX, [00000188D7B45500][00000188D8092B00 49] iPhoneXS, [00000188D7A8AB00][00000188D809AC80 49] iPhoneXSMax, [00000188D7B44700][00000188D809EE00 49] iPhoneXR, [00000188D7A88700][00000188D80A2F80 49] iPhone11, [00000188D7B44E00][00000188D80A7100 49] iPhone11Pro, [00000188D7A89A00][00000188D80AB280 49] iPhone11ProMax, [00000188D7B47800][00000188D80AF400 49] iPhoneSE2, [00000188D7A8B800][00000188D80B3580 49] iPhone12Mini, [00000188D7B46300][00000188D80B7700 49] iPhone12, [00000188D7A8A300][00000188D80EB880 49] iPhone12Pro, [00000188D7B44500][00000188D810BA00 49] iPhone12ProMax, [00000188D7A89500][00000188D8117B80 49] iPadPro105, [00000188D7B44A00][00000188D81DA180 49] iPadPro129, [00000188D7A8BD00][00000188D81DE300 49] iPadPro97, [00000188D7B45200][00000188D81E2480 49] iPadPro2_129, [00000188D7A8AA00][00000188D825C600 49] iPad5, [00000188D7B45D00][00000188D826C780 49] iPad6, [00000188D7A89300][00000188D8270900 49] iPad7, [00000188D7B47A00][00000188D8096A40 49] iPad8, [00000188D7A88300][00000188D8274B80 49] iPadPro11, [00000188D7B44100][00000188D8278CC0 49] iPadPro2_11, [00000188D7A89600][00000188D8280E40 49] iPadPro3_129, [00000188D7B47300][00000188D8284FC0 49] iPadPro4_129, [00000188D7A89000][00000188D82B1140 49] AppleTV, [00000188D7B45B00][00000188D83472C0 49] AppleTV4K, [00000188D7A8B200][00000188D834B440 49] TVOS, [00000188D7B47B00][00000188D834F5C0 49] Mac, [00000188D7A8B700][00000188D8353740 49] MacClient, [00000188D7B47F00][00000188D83578C0 49] MacNoEditor, [00000188D7A8B000][00000188D835BA40 49] MacServer, [00000188D7B46C00][00000188D835FBC0 49] Linux, [00000188D7A89D00][00000188D83621C0 49] LinuxAArch64, [00000188D7B46A00][00000188D8366340 49] LinuxNoEditor, [00000188D7A8B900][00000188D836A4C0 49] LinuxAArch64NoEditor, [00000188D7B47100][00000188D836E640 49] LinuxClient, [00000188D7A8AF00][00000188D83727C0 49] LinuxAArch64Client, [00000188D7B47200][00000188D838E940 49] LinuxServer, [00000188D7A8BF00][00000188D8430AC0 49] LinuxAArch64Server, [00000188D7B44200][00000188D827CC00 49] Android, [00000188D7A88500][00000188D8434D40 49] Android_Low, [00000188D7B46200][00000188D8438E80 49] Android_Mid, [00000188D7A8BB00][00000188D843CFC0 49] Android_High, [00000188D7B46000][00000188D8449140 49] Android_Default, [00000188D7A8B300][00000188D844D2C0 49] Android_Adreno4xx, [00000188D7B47700][00000188D8451440 49] Android_Adreno5xx_Low, [00000188D7A88B00][00000188D84555C0 49] Android_Adreno5xx, [00000188D7B46600][00000188D8459740 49] Android_Adreno6xx, [00000188D7AFC500][00000188D845D8C0 49] Android_Adreno6xx_Vulkan, [00000188D7A81300][00000188D8461A40 49] Android_Mali_T6xx, [00000188D7AFFE00][00000188D8519BC0 49] Android_Mali_T7xx, [00000188D7A83300][00000188D851C1C0 49] Android_Mali_T8xx, [00000188D7AFEE00][00000188D8520340 49] Android_Mali_G71, [00000188D7A82800][00000188D85244C0 49] Android_Mali_G72, [00000188D7AFD400][00000188D8E42640 49] Android_Mali_G72_Vulkan, [00000188D7A81500][00000188D8E667C0 49] Android_Mali_G76, [00000188D7AFFA00][00000188D8E82940 49] Android_Mali_G76_Vulkan, [00000188D7A82C00][00000188D8E86AC0 49] Android_Mali_G77, [00000188D7AFF600][00000188D8EB8C40 49] Android_Mali_G77_Vulkan, [00000188D7A81700][00000188D8444D80 49] Android_Mali_G78, [00000188D7AFE200][00000188D8EC8EC0 49] Android_Mali_G78_Vulkan, [00000188D7A80B00][00000188D6ADB000 49] Android_Mali_G710, [00000188D7AFC300][00000188D7D7D140 49] Android_Mali_G710_Vulkan, [00000188D7A80200][00000188D7D852C0 49] Android_Vulkan_SM5, [00000188D7AFC800][00000188D7D89440 49] Android_PowerVR_G6xxx, [00000188D7A82500][00000188D7D8D5C0 49] Android_PowerVR_GT7xxx, [00000188D7AFCE00][00000188D7D91740 49] Android_PowerVR_GE8xxx, [00000188D7A81400][00000188D7D958C0 49] Android_PowerVR_GM9xxx, [00000188D7AFF400][00000188D7D99A40 49] Android_PowerVR_GM9xxx_Vulkan, [00000188D7A80600][00000188D7E51BC0 49] Android_TegraK1, [00000188D7AFDE00][00000188D7E541C0 49] Android_Unknown_Vulkan, [00000188D7A82100][00000188D7E58340 49] Lumin, [00000188D7AFD100][00000188D7E5C4C0 49] Lumin_Desktop, [00000188D7A83400][00000188D7E60640 49] HoloLens, 
[2021.11.19-01.23.08:632][  0]LogMeshReduction: Using QuadricMeshReduction for automatic static mesh reduction
[2021.11.19-01.23.08:632][  0]LogMeshReduction: Using SimplygonMeshReduction for automatic skeletal mesh reduction
[2021.11.19-01.23.08:632][  0]LogMeshReduction: Using ProxyLODMeshReduction for automatic mesh merging
[2021.11.19-01.23.08:632][  0]LogMeshReduction: No distributed automatic mesh merging module available
[2021.11.19-01.23.08:632][  0]LogMeshMerging: No distributed automatic mesh merging module available
[2021.11.19-01.23.08:654][  0]LogNetVersion: SiberiaSecret 1.0.0, NetCL: 17155196, EngineNetVer: 17, GameNetVer: 0 (Checksum: 356680409)
[2021.11.19-01.23.09:072][  0]LogTexture: Default maximum texture size for cubemaps generated from long-lat sources has been changed from 512 to unlimited. In order to preserve old behaiour for '/Engine/MapTemplates/Sky/DaylightAmbientCubemap.DaylightAmbientCubemap', its maximum texture size has been explicitly set to 512.
[2021.11.19-01.23.09:127][  0]LogHMD: PokeAHoleMaterial loaded successfully
[2021.11.19-01.23.09:134][  0]LogUObjectArray: 17178 objects as part of root set at end of initial load.
[2021.11.19-01.23.09:134][  0]LogUObjectAllocator: 4301856 out of 0 bytes used by permanent object pool.
[2021.11.19-01.23.09:134][  0]LogUObjectArray: CloseDisregardForGC: 0/0 objects in disregard for GC pool
[2021.11.19-01.23.10:072][  0]LogNiagaraDebuggerClient: Niagara Debugger Client Initialized | Session: B7C911114DAFED48966C00A198F56129 | Instance: 01FB6AF5450E4DAA8F6CA8A4FD58D40B (DESKTOP-6S4D91Q-3664).
[2021.11.19-01.23.10:354][  0]LogImageWrapper: Warning: PNG Warning: Duplicate iCCP chunk
[2021.11.19-01.23.10:354][  0]LogImageWrapper: Warning: PNG Warning: Duplicate iCCP chunk
[2021.11.19-01.23.10:354][  0]LogPython: Using Python 3.7.7
[2021.11.19-01.23.11:739][  0]LogUdpMessaging: Initializing bridge on interface 0.0.0.0:0 to multicast group 230.0.0.1:6666.
[2021.11.19-01.23.11:768][  0]LogTcpMessaging: Initializing TcpMessaging bridge
[2021.11.19-01.23.12:562][  0]SourceControl: Source control is disabled
[2021.11.19-01.23.12:562][  0]SourceControl: Source control is disabled
[2021.11.19-01.23.12:580][  0]SourceControl: Source control is disabled
[2021.11.19-01.23.12:598][  0]SourceControl: Source control is disabled
[2021.11.19-01.23.12:625][  0]SourceControl: Source control is disabled
[2021.11.19-01.23.12:665][  0]LogUProjectInfo: Found projects:
[2021.11.19-01.23.13:128][  0]LogOpenImageDenoise: OIDN starting up
[2021.11.19-01.23.13:230][  0]LogAndroidPermission: UAndroidPermissionCallbackProxy::GetInstance
[2021.11.19-01.23.13:280][  0]LogAudioCaptureCore: Display: No Audio Capture implementations found. Audio input will be silent.
[2021.11.19-01.23.13:280][  0]LogAudioCaptureCore: Display: No Audio Capture implementations found. Audio input will be silent.
[2021.11.19-01.23.13:552][  0]LogCollectionManager: Loaded 0 collections in 0.000716 seconds
[2021.11.19-01.23.13:607][  0]LogFileCache: Scanning file cache for directory 'C:/Users/Ryzen 3700x/Documents/GitHub/SiberiaSecret/Saved/Collections/' took 0.00s
[2021.11.19-01.23.13:607][  0]LogFileCache: Scanning file cache for directory 'C:/Users/Ryzen 3700x/Documents/GitHub/SiberiaSecret/Content/Developers/Ryzen3700x/Collections/' took 0.00s
[2021.11.19-01.23.13:607][  0]LogFileCache: Scanning file cache for directory 'C:/Users/Ryzen 3700x/Documents/GitHub/SiberiaSecret/Content/Collections/' took 0.00s
[2021.11.19-01.23.13:607][  0]LogOcInput: OculusInput pre-init called
[2021.11.19-01.23.13:871][  0]LogImageWrapper: Warning: PNG Warning: Duplicate iCCP chunk
[2021.11.19-01.23.13:871][  0]LogImageWrapper: Warning: PNG Warning: Duplicate iCCP chunk
[2021.11.19-01.23.13:871][  0]LogEngine: Initializing Engine...
[2021.11.19-01.23.13:998][  0]LogHMD: Failed to initialize OpenVR with code 108
[2021.11.19-01.23.14:010][  0]LogHMD: Failed to enumerate extensions. Please check that you have a valid OpenXR runtime installed.
[2021.11.19-01.23.14:010][  0]LogMagicLeap: Warning: VR disabled because ZI is not enabled.  To enable, in the editor, Edit -> Project Settings -> Plugins -> Magic Leap Plugin -> Enable Zero Iteration
[2021.11.19-01.23.14:011][  0]LogStats: UGameplayTagsManager::InitializeManager -  0.000 s
[2021.11.19-01.23.14:119][  0]LogInit: Initializing FReadOnlyCVARCache
[2021.11.19-01.23.14:170][  0]LogAIModule: Creating AISystem for world Untitled
[2021.11.19-01.23.14:171][  0]LogAudio: Display: Initializing Audio Device Manager...
[2021.11.19-01.23.14:174][  0]LogAudio: Display: Loading Default Audio Settings Objects...
[2021.11.19-01.23.14:174][  0]LogAudio: Display: No default SoundConcurrencyObject specified (or failed to load).
[2021.11.19-01.23.14:175][  0]LogAudio: Display: Audio Device Manager Initialized
[2021.11.19-01.23.14:175][  0]LogAudio: Display: Creating Audio Device:                 Id: 1, Scope: Shared, Realtime: True
[2021.11.19-01.23.14:175][  0]LogAudioMixer: Display: Audio Mixer Platform Settings:
[2021.11.19-01.23.14:175][  0]LogAudioMixer: Display: 	Sample Rate:						  48000
[2021.11.19-01.23.14:175][  0]LogAudioMixer: Display: 	Callback Buffer Frame Size Requested: 1024
[2021.11.19-01.23.14:175][  0]LogAudioMixer: Display: 	Callback Buffer Frame Size To Use:	  1024
[2021.11.19-01.23.14:175][  0]LogAudioMixer: Display: 	Number of buffers to queue:			  2
[2021.11.19-01.23.14:175][  0]LogAudioMixer: Display: 	Max Channels (voices):				  32
[2021.11.19-01.23.14:175][  0]LogAudioMixer: Display: 	Number of Async Source Workers:		  0
[2021.11.19-01.23.14:175][  0]LogAudio: Display: AudioDevice MaxSources: 32
[2021.11.19-01.23.14:175][  0]LogAudio: Display: Audio Spatialization Plugin: None (built-in).
[2021.11.19-01.23.14:175][  0]LogAudio: Display: Audio Reverb Plugin: None (built-in).
[2021.11.19-01.23.14:175][  0]LogAudio: Display: Audio Occlusion Plugin: None (built-in).
[2021.11.19-01.23.14:175][  0]LogAudioMixer: Display: Initializing audio mixer.
[2021.11.19-01.23.14:210][  0]LogAudioMixer: Display: 0: FrontLeft
[2021.11.19-01.23.14:210][  0]LogAudioMixer: Display: 1: FrontRight
[2021.11.19-01.23.14:221][  0]LogAudioMixer: Display: Using Audio Device Speakers (Focusrite Usb Audio)
[2021.11.19-01.23.14:221][  0]LogAudioMixer: Display: Initializing Sound Submixes...
[2021.11.19-01.23.14:224][  0]LogAudioMixer: Display: Creating Master Submix 'MasterSubmixDefault'
[2021.11.19-01.23.14:224][  0]LogAudioMixer: Display: Creating Master Submix 'MasterReverbSubmixDefault'
[2021.11.19-01.23.14:224][  0]LogAudioMixer: Display: Creating Master Submix 'MasterEQSubmixDefault'
[2021.11.19-01.23.14:224][  0]LogAudioMixer: FMixerPlatformXAudio2::StartAudioStream() called
[2021.11.19-01.23.14:224][  0]LogAudioMixer: Display: Output buffers initialized: Frames=1024, Channels=2, Samples=2048
[2021.11.19-01.23.14:225][  0]LogAudioMixer: Display: Starting AudioMixerPlatformInterface::RunInternal()
[2021.11.19-01.23.14:225][  0]LogAudioMixer: Display: FMixerPlatformXAudio2::SubmitBuffer() called for the first time
[2021.11.19-01.23.14:225][  0]LogInit: FAudioDevice initialized.
[2021.11.19-01.23.14:226][  0]LogAudio: Display: Audio Device (ID: 1) registered with world 'Untitled'.
[2021.11.19-01.23.14:226][  0]LogNetVersion: Set ProjectVersion to 1.0.0.0. Version Checksum will be recalculated on next use.
[2021.11.19-01.23.14:300][  0]LogDerivedDataCache: Saved boot cache 0.07s 95MB C:/Users/Ryzen 3700x/AppData/Local/UnrealEngine/4.27/DerivedDataCache/Boot.ddc.
[2021.11.19-01.23.14:301][  0]LogInit: Texture streaming: Enabled
[2021.11.19-01.23.14:366][  0]LogAnalytics: Display: [UEEditor.Rocket.Release] APIServer = https://datarouter.ol.epicgames.com/. AppVersion = 4.27.1-17735300+++UE4+Release-4.27
[2021.11.19-01.23.14:371][  0]LogEngineSessionManager: EngineSessionManager initialized
[2021.11.19-01.23.14:371][  0]LogEditorSessionSummary: Verbose: Initializing EditorSessionSummaryWriter for editor session tracking
[2021.11.19-01.23.14:372][  0]LogEditorSessionSummary: EditorSessionSummaryWriter initialized
[2021.11.19-01.23.14:409][  0]LogInit: Transaction tracking system initialized
[2021.11.19-01.23.14:515][  0]BlueprintLog: New page: Editor Load
[2021.11.19-01.23.14:838][  0]LocalizationService: Localization service is disabled
[2021.11.19-01.23.14:951][  0]TimingProfiler: Initialize
[2021.11.19-01.23.14:952][  0]TimingProfiler: OnSessionChanged
[2021.11.19-01.23.14:952][  0]LoadingProfiler: Initialize
[2021.11.19-01.23.14:952][  0]LoadingProfiler: OnSessionChanged
[2021.11.19-01.23.14:952][  0]NetworkingProfiler: Initialize
[2021.11.19-01.23.14:952][  0]NetworkingProfiler: OnSessionChanged
[2021.11.19-01.23.14:952][  0]MemoryProfiler: Initialize
[2021.11.19-01.23.14:952][  0]MemoryProfiler: OnSessionChanged
[2021.11.19-01.23.15:178][  0]LogCook: Display: CookSettings for Memory: MemoryMaxUsedVirtual 0MiB, MemoryMaxUsedPhysical 16384MiB, MemoryMinFreeVirtual 0MiB, MemoryMinFreePhysical 1024MiB
[2021.11.19-01.23.15:178][  0]LogCook: Display: Mobile HDR setting 1
[2021.11.19-01.23.15:570][  0]LogFileCache: Scanning file cache for directory 'C:/Users/Ryzen 3700x/Documents/GitHub/SiberiaSecret/Content/' took 0.00s
[2021.11.19-01.23.15:755][  0]LogImageWrapper: Warning: PNG Warning: Duplicate iCCP chunk
[2021.11.19-01.23.15:755][  0]LogImageWrapper: Warning: PNG Warning: Duplicate iCCP chunk
[2021.11.19-01.23.15:755][  0]LogInit: Display: Engine is initialized. Leaving FEngineLoop::Init()
[2021.11.19-01.23.15:760][  0]SourceControl: Source control is disabled
[2021.11.19-01.23.15:760][  0]LogUnrealEdMisc: Loading editor; pre map load, took 15.434
[2021.11.19-01.23.15:760][  0]Cmd: MAP LOAD FILE="C:/Users/Ryzen 3700x/Documents/GitHub/SiberiaSecret/Content/ThirdPersonBP/Maps/ThirdPersonExampleMap.umap" TEMPLATE=0 SHOWPROGRESS=1 FEATURELEVEL=3
[2021.11.19-01.23.15:760][  0]LightingResults: New page: Lighting Build
[2021.11.19-01.23.15:762][  0]LogWorld: UWorld::CleanupWorld for Untitled, bSessionEnded=true, bCleanupResources=true
[2021.11.19-01.23.15:762][  0]LogSlate: InvalidateAllWidgets triggered.  All widgets were invalidated
[2021.11.19-01.23.15:762][  0]MapCheck: New page: Map Check
[2021.11.19-01.23.15:762][  0]LightingResults: New page: Lighting Build
[2021.11.19-01.23.15:765][  0]LogAudio: Display: Audio Device unregistered from world 'None'.
[2021.11.19-01.23.15:767][  0]LogUObjectHash: Compacting FUObjectHashTables data took   0.77ms
[2021.11.19-01.23.15:985][  0]LogAudio: Display: Audio Device (ID: 1) registered with world 'ThirdPersonExampleMap'.
[2021.11.19-01.23.15:985][  0]LogAIModule: Creating AISystem for world ThirdPersonExampleMap
[2021.11.19-01.23.16:012][  0]LogEditorServer: Finished looking for orphan Actors (0.000 secs)
[2021.11.19-01.23.16:019][  0]LogUObjectHash: Compacting FUObjectHashTables data took   0.86ms
[2021.11.19-01.23.16:019][  0]Cmd: MAP CHECKDEP NOCLEARLOG
[2021.11.19-01.23.16:019][  0]MapCheck: Map check complete: 0 Error(s), 0 Warning(s), took 0.158ms to complete.
[2021.11.19-01.23.16:019][  0]LogFileHelpers: Loading map 'ThirdPersonExampleMap' took 0.260
[2021.11.19-01.23.16:021][  0]LogUnrealEdMisc: Total Editor Startup Time, took 15.696
[2021.11.19-01.23.16:137][  0]LogSlate: Updating window title bar state: overlay mode, drag disabled, window buttons hidden, title bar hidden
[2021.11.19-01.23.16:142][  0]LogSlate: Updating window title bar state: overlay mode, drag disabled, window buttons hidden, title bar hidden
[2021.11.19-01.23.16:146][  0]LogSlate: Updating window title bar state: overlay mode, drag disabled, window buttons hidden, title bar hidden
[2021.11.19-01.23.16:150][  0]LogSlate: Updating window title bar state: overlay mode, drag disabled, window buttons hidden, title bar hidden
[2021.11.19-01.23.16:189][  0]LogNativeClassHierarchy: Verbose: Native class hierarchy populated in 0.0090 seconds. Added 3822 classes and 928 folders.
[2021.11.19-01.23.16:207][  0]LogNativeClassHierarchy: Verbose: Native class hierarchy updated for 'WidgetCarousel' in 0.0003 seconds. Added 0 classes and 0 folders.
[2021.11.19-01.23.16:208][  0]LogPakFile: PakFile PrimaryIndexSize=187
[2021.11.19-01.23.16:208][  0]LogPakFile: PakFile PathHashIndexSize=101
[2021.11.19-01.23.16:208][  0]LogPakFile: PakFile FullDirectoryIndexSize=148
[2021.11.19-01.23.16:208][  0]LogShaderLibrary: Display: ShaderCodeLibraryPakFileMountedCallback: PakFile 'D:/Epic Games/UE_4.27/FeaturePacks/FP_FirstPerson.upack' (chunk index -1, root 'root:/') mounted
[2021.11.19-01.23.16:208][  0]LogShaderLibrary: Display: ShaderCodeLibraryPakFileMountedCallback: pending pak file info (ChunkID:-1 Root:root:/ File:D:/Epic Games/UE_4.27/FeaturePacks/FP_FirstPerson.upack)
[2021.11.19-01.23.16:208][  0]LogPakFile: OnPakFileMounted2Time == 0.000048
[2021.11.19-01.23.16:209][  0]LogPakFile: PakFile PrimaryIndexSize=189
[2021.11.19-01.23.16:209][  0]LogPakFile: PakFile PathHashIndexSize=101
[2021.11.19-01.23.16:209][  0]LogPakFile: PakFile FullDirectoryIndexSize=152
[2021.11.19-01.23.16:209][  0]LogShaderLibrary: Display: ShaderCodeLibraryPakFileMountedCallback: PakFile 'D:/Epic Games/UE_4.27/FeaturePacks/FP_FirstPersonBP.upack' (chunk index -1, root 'root:/') mounted
[2021.11.19-01.23.16:209][  0]LogShaderLibrary: Display: ShaderCodeLibraryPakFileMountedCallback: pending pak file info (ChunkID:-1 Root:root:/ File:D:/Epic Games/UE_4.27/FeaturePacks/FP_FirstPersonBP.upack)
[2021.11.19-01.23.16:209][  0]LogPakFile: OnPakFileMounted2Time == 0.000030
[2021.11.19-01.23.16:210][  0]LogPakFile: PakFile PrimaryIndexSize=191
[2021.11.19-01.23.16:210][  0]LogPakFile: PakFile PathHashIndexSize=101
[2021.11.19-01.23.16:210][  0]LogPakFile: PakFile FullDirectoryIndexSize=160
[2021.11.19-01.23.16:210][  0]LogShaderLibrary: Display: ShaderCodeLibraryPakFileMountedCallback: PakFile 'D:/Epic Games/UE_4.27/FeaturePacks/MobileStarterContent.upack' (chunk index -1, root 'root:/') mounted
[2021.11.19-01.23.16:210][  0]LogShaderLibrary: Display: ShaderCodeLibraryPakFileMountedCallback: pending pak file info (ChunkID:-1 Root:root:/ File:D:/Epic Games/UE_4.27/FeaturePacks/MobileStarterContent.upack)
[2021.11.19-01.23.16:210][  0]LogPakFile: OnPakFileMounted2Time == 0.000028
[2021.11.19-01.23.16:210][  0]LogPakFile: PakFile PrimaryIndexSize=185
[2021.11.19-01.23.16:210][  0]LogPakFile: PakFile PathHashIndexSize=101
[2021.11.19-01.23.16:210][  0]LogPakFile: PakFile FullDirectoryIndexSize=148
[2021.11.19-01.23.16:210][  0]LogShaderLibrary: Display: ShaderCodeLibraryPakFileMountedCallback: PakFile 'D:/Epic Games/UE_4.27/FeaturePacks/StarterContent.upack' (chunk index -1, root 'root:/') mounted
[2021.11.19-01.23.16:210][  0]LogShaderLibrary: Display: ShaderCodeLibraryPakFileMountedCallback: pending pak file info (ChunkID:-1 Root:root:/ File:D:/Epic Games/UE_4.27/FeaturePacks/StarterContent.upack)
[2021.11.19-01.23.16:210][  0]LogPakFile: OnPakFileMounted2Time == 0.000028
[2021.11.19-01.23.16:211][  0]LogPakFile: PakFile PrimaryIndexSize=190
[2021.11.19-01.23.16:211][  0]LogPakFile: PakFile PathHashIndexSize=101
[2021.11.19-01.23.16:211][  0]LogPakFile: PakFile FullDirectoryIndexSize=154
[2021.11.19-01.23.16:211][  0]LogShaderLibrary: Display: ShaderCodeLibraryPakFileMountedCallback: PakFile 'D:/Epic Games/UE_4.27/FeaturePacks/TP_2DSideScroller.upack' (chunk index -1, root 'root:/') mounted
[2021.11.19-01.23.16:211][  0]LogShaderLibrary: Display: ShaderCodeLibraryPakFileMountedCallback: pending pak file info (ChunkID:-1 Root:root:/ File:D:/Epic Games/UE_4.27/FeaturePacks/TP_2DSideScroller.upack)
[2021.11.19-01.23.16:211][  0]LogPakFile: OnPakFileMounted2Time == 0.000027
[2021.11.19-01.23.16:211][  0]LogPakFile: PakFile PrimaryIndexSize=192
[2021.11.19-01.23.16:211][  0]LogPakFile: PakFile PathHashIndexSize=101
[2021.11.19-01.23.16:211][  0]LogPakFile: PakFile FullDirectoryIndexSize=158
[2021.11.19-01.23.16:211][  0]LogShaderLibrary: Display: ShaderCodeLibraryPakFileMountedCallback: PakFile 'D:/Epic Games/UE_4.27/FeaturePacks/TP_2DSideScrollerBP.upack' (chunk index -1, root 'root:/') mounted
[2021.11.19-01.23.16:211][  0]LogShaderLibrary: Display: ShaderCodeLibraryPakFileMountedCallback: pending pak file info (ChunkID:-1 Root:root:/ File:D:/Epic Games/UE_4.27/FeaturePacks/TP_2DSideScrollerBP.upack)
[2021.11.19-01.23.16:211][  0]LogPakFile: OnPakFileMounted2Time == 0.000027
[2021.11.19-01.23.16:212][  0]LogPakFile: PakFile PrimaryIndexSize=182
[2021.11.19-01.23.16:212][  0]LogPakFile: PakFile PathHashIndexSize=101
[2021.11.19-01.23.16:212][  0]LogPakFile: PakFile FullDirectoryIndexSize=138
[2021.11.19-01.23.16:212][  0]LogShaderLibrary: Display: ShaderCodeLibraryPakFileMountedCallback: PakFile 'D:/Epic Games/UE_4.27/FeaturePacks/TP_Flying.upack' (chunk index -1, root 'root:/') mounted
[2021.11.19-01.23.16:212][  0]LogShaderLibrary: Display: ShaderCodeLibraryPakFileMountedCallback: pending pak file info (ChunkID:-1 Root:root:/ File:D:/Epic Games/UE_4.27/FeaturePacks/TP_Flying.upack)
[2021.11.19-01.23.16:212][  0]LogPakFile: OnPakFileMounted2Time == 0.000027
[2021.11.19-01.23.16:213][  0]LogPakFile: PakFile PrimaryIndexSize=184
[2021.11.19-01.23.16:213][  0]LogPakFile: PakFile PathHashIndexSize=101
[2021.11.19-01.23.16:213][  0]LogPakFile: PakFile FullDirectoryIndexSize=142
[2021.11.19-01.23.16:213][  0]LogShaderLibrary: Display: ShaderCodeLibraryPakFileMountedCallback: PakFile 'D:/Epic Games/UE_4.27/FeaturePacks/TP_FlyingBP.upack' (chunk index -1, root 'root:/') mounted
[2021.11.19-01.23.16:213][  0]LogShaderLibrary: Display: ShaderCodeLibraryPakFileMountedCallback: pending pak file info (ChunkID:-1 Root:root:/ File:D:/Epic Games/UE_4.27/FeaturePacks/TP_FlyingBP.upack)
[2021.11.19-01.23.16:213][  0]LogPakFile: OnPakFileMounted2Time == 0.000027
[2021.11.19-01.23.16:213][  0]LogPakFile: PakFile PrimaryIndexSize=188
[2021.11.19-01.23.16:213][  0]LogPakFile: PakFile PathHashIndexSize=101
[2021.11.19-01.23.16:213][  0]LogPakFile: PakFile FullDirectoryIndexSize=150
[2021.11.19-01.23.16:213][  0]LogShaderLibrary: Display: ShaderCodeLibraryPakFileMountedCallback: PakFile 'D:/Epic Games/UE_4.27/FeaturePacks/TP_HandheldARBP.upack' (chunk index -1, root 'root:/') mounted
[2021.11.19-01.23.16:213][  0]LogShaderLibrary: Display: ShaderCodeLibraryPakFileMountedCallback: pending pak file info (ChunkID:-1 Root:root:/ File:D:/Epic Games/UE_4.27/FeaturePacks/TP_HandheldARBP.upack)
[2021.11.19-01.23.16:213][  0]LogPakFile: OnPakFileMounted2Time == 0.000032
[2021.11.19-01.23.16:214][  0]LogPakFile: PakFile PrimaryIndexSize=182
[2021.11.19-01.23.16:214][  0]LogPakFile: PakFile PathHashIndexSize=101
[2021.11.19-01.23.16:214][  0]LogPakFile: PakFile FullDirectoryIndexSize=138
[2021.11.19-01.23.16:214][  0]LogShaderLibrary: Display: ShaderCodeLibraryPakFileMountedCallback: PakFile 'D:/Epic Games/UE_4.27/FeaturePacks/TP_Puzzle.upack' (chunk index -1, root 'root:/') mounted
[2021.11.19-01.23.16:214][  0]LogShaderLibrary: Display: ShaderCodeLibraryPakFileMountedCallback: pending pak file info (ChunkID:-1 Root:root:/ File:D:/Epic Games/UE_4.27/FeaturePacks/TP_Puzzle.upack)
[2021.11.19-01.23.16:214][  0]LogPakFile: OnPakFileMounted2Time == 0.000026
[2021.11.19-01.23.16:214][  0]LogPakFile: PakFile PrimaryIndexSize=184
[2021.11.19-01.23.16:214][  0]LogPakFile: PakFile PathHashIndexSize=101
[2021.11.19-01.23.16:214][  0]LogPakFile: PakFile FullDirectoryIndexSize=142
[2021.11.19-01.23.16:214][  0]LogShaderLibrary: Display: ShaderCodeLibraryPakFileMountedCallback: PakFile 'D:/Epic Games/UE_4.27/FeaturePacks/TP_PuzzleBP.upack' (chunk index -1, root 'root:/') mounted
[2021.11.19-01.23.16:214][  0]LogShaderLibrary: Display: ShaderCodeLibraryPakFileMountedCallback: pending pak file info (ChunkID:-1 Root:root:/ File:D:/Epic Games/UE_4.27/FeaturePacks/TP_PuzzleBP.upack)
[2021.11.19-01.23.16:214][  0]LogPakFile: OnPakFileMounted2Time == 0.000027
[2021.11.19-01.23.16:215][  0]LogPakFile: PakFile PrimaryIndexSize=183
[2021.11.19-01.23.16:215][  0]LogPakFile: PakFile PathHashIndexSize=101
[2021.11.19-01.23.16:215][  0]LogPakFile: PakFile FullDirectoryIndexSize=140
[2021.11.19-01.23.16:215][  0]LogShaderLibrary: Display: ShaderCodeLibraryPakFileMountedCallback: PakFile 'D:/Epic Games/UE_4.27/FeaturePacks/TP_Rolling.upack' (chunk index -1, root 'root:/') mounted
[2021.11.19-01.23.16:215][  0]LogShaderLibrary: Display: ShaderCodeLibraryPakFileMountedCallback: pending pak file info (ChunkID:-1 Root:root:/ File:D:/Epic Games/UE_4.27/FeaturePacks/TP_Rolling.upack)
[2021.11.19-01.23.16:215][  0]LogPakFile: OnPakFileMounted2Time == 0.000027
[2021.11.19-01.23.16:216][  0]LogPakFile: PakFile PrimaryIndexSize=185
[2021.11.19-01.23.16:216][  0]LogPakFile: PakFile PathHashIndexSize=101
[2021.11.19-01.23.16:216][  0]LogPakFile: PakFile FullDirectoryIndexSize=144
[2021.11.19-01.23.16:216][  0]LogShaderLibrary: Display: ShaderCodeLibraryPakFileMountedCallback: PakFile 'D:/Epic Games/UE_4.27/FeaturePacks/TP_RollingBP.upack' (chunk index -1, root 'root:/') mounted
[2021.11.19-01.23.16:216][  0]LogShaderLibrary: Display: ShaderCodeLibraryPakFileMountedCallback: pending pak file info (ChunkID:-1 Root:root:/ File:D:/Epic Games/UE_4.27/FeaturePacks/TP_RollingBP.upack)
[2021.11.19-01.23.16:216][  0]LogPakFile: OnPakFileMounted2Time == 0.000043
[2021.11.19-01.23.16:216][  0]LogPakFile: PakFile PrimaryIndexSize=188
[2021.11.19-01.23.16:216][  0]LogPakFile: PakFile PathHashIndexSize=101
[2021.11.19-01.23.16:216][  0]LogPakFile: PakFile FullDirectoryIndexSize=150
[2021.11.19-01.23.16:216][  0]LogShaderLibrary: Display: ShaderCodeLibraryPakFileMountedCallback: PakFile 'D:/Epic Games/UE_4.27/FeaturePacks/TP_SideScroller.upack' (chunk index -1, root 'root:/') mounted
[2021.11.19-01.23.16:216][  0]LogShaderLibrary: Display: ShaderCodeLibraryPakFileMountedCallback: pending pak file info (ChunkID:-1 Root:root:/ File:D:/Epic Games/UE_4.27/FeaturePacks/TP_SideScroller.upack)
[2021.11.19-01.23.16:216][  0]LogPakFile: OnPakFileMounted2Time == 0.000026
[2021.11.19-01.23.16:217][  0]LogPakFile: PakFile PrimaryIndexSize=190
[2021.11.19-01.23.16:217][  0]LogPakFile: PakFile PathHashIndexSize=101
[2021.11.19-01.23.16:217][  0]LogPakFile: PakFile FullDirectoryIndexSize=154
[2021.11.19-01.23.16:217][  0]LogShaderLibrary: Display: ShaderCodeLibraryPakFileMountedCallback: PakFile 'D:/Epic Games/UE_4.27/FeaturePacks/TP_SideScrollerBP.upack' (chunk index -1, root 'root:/') mounted
[2021.11.19-01.23.16:217][  0]LogShaderLibrary: Display: ShaderCodeLibraryPakFileMountedCallback: pending pak file info (ChunkID:-1 Root:root:/ File:D:/Epic Games/UE_4.27/FeaturePacks/TP_SideScrollerBP.upack)
[2021.11.19-01.23.16:217][  0]LogPakFile: OnPakFileMounted2Time == 0.000028
[2021.11.19-01.23.16:217][  0]LogPakFile: PakFile PrimaryIndexSize=187
[2021.11.19-01.23.16:217][  0]LogPakFile: PakFile PathHashIndexSize=101
[2021.11.19-01.23.16:217][  0]LogPakFile: PakFile FullDirectoryIndexSize=148
[2021.11.19-01.23.16:217][  0]LogShaderLibrary: Display: ShaderCodeLibraryPakFileMountedCallback: PakFile 'D:/Epic Games/UE_4.27/FeaturePacks/TP_ThirdPerson.upack' (chunk index -1, root 'root:/') mounted
[2021.11.19-01.23.16:217][  0]LogShaderLibrary: Display: ShaderCodeLibraryPakFileMountedCallback: pending pak file info (ChunkID:-1 Root:root:/ File:D:/Epic Games/UE_4.27/FeaturePacks/TP_ThirdPerson.upack)
[2021.11.19-01.23.16:217][  0]LogPakFile: OnPakFileMounted2Time == 0.000027
[2021.11.19-01.23.16:218][  0]LogPakFile: PakFile PrimaryIndexSize=189
[2021.11.19-01.23.16:218][  0]LogPakFile: PakFile PathHashIndexSize=101
[2021.11.19-01.23.16:218][  0]LogPakFile: PakFile FullDirectoryIndexSize=152
[2021.11.19-01.23.16:218][  0]LogShaderLibrary: Display: ShaderCodeLibraryPakFileMountedCallback: PakFile 'D:/Epic Games/UE_4.27/FeaturePacks/TP_ThirdPersonBP.upack' (chunk index -1, root 'root:/') mounted
[2021.11.19-01.23.16:218][  0]LogShaderLibrary: Display: ShaderCodeLibraryPakFileMountedCallback: pending pak file info (ChunkID:-1 Root:root:/ File:D:/Epic Games/UE_4.27/FeaturePacks/TP_ThirdPersonBP.upack)
[2021.11.19-01.23.16:218][  0]LogPakFile: OnPakFileMounted2Time == 0.000027
[2021.11.19-01.23.16:219][  0]LogPakFile: PakFile PrimaryIndexSize=183
[2021.11.19-01.23.16:219][  0]LogPakFile: PakFile PathHashIndexSize=101
[2021.11.19-01.23.16:219][  0]LogPakFile: PakFile FullDirectoryIndexSize=140
[2021.11.19-01.23.16:219][  0]LogShaderLibrary: Display: ShaderCodeLibraryPakFileMountedCallback: PakFile 'D:/Epic Games/UE_4.27/FeaturePacks/TP_TopDown.upack' (chunk index -1, root 'root:/') mounted
[2021.11.19-01.23.16:219][  0]LogShaderLibrary: Display: ShaderCodeLibraryPakFileMountedCallback: pending pak file info (ChunkID:-1 Root:root:/ File:D:/Epic Games/UE_4.27/FeaturePacks/TP_TopDown.upack)
[2021.11.19-01.23.16:219][  0]LogPakFile: OnPakFileMounted2Time == 0.000032
[2021.11.19-01.23.16:220][  0]LogPakFile: PakFile PrimaryIndexSize=185
[2021.11.19-01.23.16:220][  0]LogPakFile: PakFile PathHashIndexSize=101
[2021.11.19-01.23.16:220][  0]LogPakFile: PakFile FullDirectoryIndexSize=144
[2021.11.19-01.23.16:220][  0]LogShaderLibrary: Display: ShaderCodeLibraryPakFileMountedCallback: PakFile 'D:/Epic Games/UE_4.27/FeaturePacks/TP_TopDownBP.upack' (chunk index -1, root 'root:/') mounted
[2021.11.19-01.23.16:220][  0]LogShaderLibrary: Display: ShaderCodeLibraryPakFileMountedCallback: pending pak file info (ChunkID:-1 Root:root:/ File:D:/Epic Games/UE_4.27/FeaturePacks/TP_TopDownBP.upack)
[2021.11.19-01.23.16:220][  0]LogPakFile: OnPakFileMounted2Time == 0.000028
[2021.11.19-01.23.16:220][  0]LogPakFile: PakFile PrimaryIndexSize=185
[2021.11.19-01.23.16:220][  0]LogPakFile: PakFile PathHashIndexSize=101
[2021.11.19-01.23.16:220][  0]LogPakFile: PakFile FullDirectoryIndexSize=144
[2021.11.19-01.23.16:220][  0]LogShaderLibrary: Display: ShaderCodeLibraryPakFileMountedCallback: PakFile 'D:/Epic Games/UE_4.27/FeaturePacks/TP_TwinStick.upack' (chunk index -1, root 'root:/') mounted
[2021.11.19-01.23.16:220][  0]LogShaderLibrary: Display: ShaderCodeLibraryPakFileMountedCallback: pending pak file info (ChunkID:-1 Root:root:/ File:D:/Epic Games/UE_4.27/FeaturePacks/TP_TwinStick.upack)
[2021.11.19-01.23.16:220][  0]LogPakFile: OnPakFileMounted2Time == 0.000028
[2021.11.19-01.23.16:221][  0]LogPakFile: PakFile PrimaryIndexSize=187
[2021.11.19-01.23.16:221][  0]LogPakFile: PakFile PathHashIndexSize=101
[2021.11.19-01.23.16:221][  0]LogPakFile: PakFile FullDirectoryIndexSize=148
[2021.11.19-01.23.16:221][  0]LogShaderLibrary: Display: ShaderCodeLibraryPakFileMountedCallback: PakFile 'D:/Epic Games/UE_4.27/FeaturePacks/TP_TwinStickBP.upack' (chunk index -1, root 'root:/') mounted
[2021.11.19-01.23.16:221][  0]LogShaderLibrary: Display: ShaderCodeLibraryPakFileMountedCallback: pending pak file info (ChunkID:-1 Root:root:/ File:D:/Epic Games/UE_4.27/FeaturePacks/TP_TwinStickBP.upack)
[2021.11.19-01.23.16:221][  0]LogPakFile: OnPakFileMounted2Time == 0.000027
[2021.11.19-01.23.16:221][  0]LogPakFile: PakFile PrimaryIndexSize=183
[2021.11.19-01.23.16:221][  0]LogPakFile: PakFile PathHashIndexSize=101
[2021.11.19-01.23.16:221][  0]LogPakFile: PakFile FullDirectoryIndexSize=140
[2021.11.19-01.23.16:221][  0]LogShaderLibrary: Display: ShaderCodeLibraryPakFileMountedCallback: PakFile 'D:/Epic Games/UE_4.27/FeaturePacks/TP_Vehicle.upack' (chunk index -1, root 'root:/') mounted
[2021.11.19-01.23.16:221][  0]LogShaderLibrary: Display: ShaderCodeLibraryPakFileMountedCallback: pending pak file info (ChunkID:-1 Root:root:/ File:D:/Epic Games/UE_4.27/FeaturePacks/TP_Vehicle.upack)
[2021.11.19-01.23.16:221][  0]LogPakFile: OnPakFileMounted2Time == 0.000026
[2021.11.19-01.23.16:222][  0]LogPakFile: PakFile PrimaryIndexSize=186
[2021.11.19-01.23.16:222][  0]LogPakFile: PakFile PathHashIndexSize=101
[2021.11.19-01.23.16:222][  0]LogPakFile: PakFile FullDirectoryIndexSize=146
[2021.11.19-01.23.16:222][  0]LogShaderLibrary: Display: ShaderCodeLibraryPakFileMountedCallback: PakFile 'D:/Epic Games/UE_4.27/FeaturePacks/TP_VehicleAdv.upack' (chunk index -1, root 'root:/') mounted
[2021.11.19-01.23.16:222][  0]LogShaderLibrary: Display: ShaderCodeLibraryPakFileMountedCallback: pending pak file info (ChunkID:-1 Root:root:/ File:D:/Epic Games/UE_4.27/FeaturePacks/TP_VehicleAdv.upack)
[2021.11.19-01.23.16:222][  0]LogPakFile: OnPakFileMounted2Time == 0.000027
[2021.11.19-01.23.16:223][  0]LogPakFile: PakFile PrimaryIndexSize=188
[2021.11.19-01.23.16:223][  0]LogPakFile: PakFile PathHashIndexSize=101
[2021.11.19-01.23.16:223][  0]LogPakFile: PakFile FullDirectoryIndexSize=150
[2021.11.19-01.23.16:223][  0]LogShaderLibrary: Display: ShaderCodeLibraryPakFileMountedCallback: PakFile 'D:/Epic Games/UE_4.27/FeaturePacks/TP_VehicleAdvBP.upack' (chunk index -1, root 'root:/') mounted
[2021.11.19-01.23.16:223][  0]LogShaderLibrary: Display: ShaderCodeLibraryPakFileMountedCallback: pending pak file info (ChunkID:-1 Root:root:/ File:D:/Epic Games/UE_4.27/FeaturePacks/TP_VehicleAdvBP.upack)
[2021.11.19-01.23.16:223][  0]LogPakFile: OnPakFileMounted2Time == 0.000027
[2021.11.19-01.23.16:223][  0]LogPakFile: PakFile PrimaryIndexSize=185
[2021.11.19-01.23.16:223][  0]LogPakFile: PakFile PathHashIndexSize=101
[2021.11.19-01.23.16:223][  0]LogPakFile: PakFile FullDirectoryIndexSize=144
[2021.11.19-01.23.16:223][  0]LogShaderLibrary: Display: ShaderCodeLibraryPakFileMountedCallback: PakFile 'D:/Epic Games/UE_4.27/FeaturePacks/TP_VehicleBP.upack' (chunk index -1, root 'root:/') mounted
[2021.11.19-01.23.16:223][  0]LogShaderLibrary: Display: ShaderCodeLibraryPakFileMountedCallback: pending pak file info (ChunkID:-1 Root:root:/ File:D:/Epic Games/UE_4.27/FeaturePacks/TP_VehicleBP.upack)
[2021.11.19-01.23.16:223][  0]LogPakFile: OnPakFileMounted2Time == 0.000029
[2021.11.19-01.23.16:224][  0]LogPakFile: PakFile PrimaryIndexSize=192
[2021.11.19-01.23.16:224][  0]LogPakFile: PakFile PathHashIndexSize=101
[2021.11.19-01.23.16:224][  0]LogPakFile: PakFile FullDirectoryIndexSize=158
[2021.11.19-01.23.16:224][  0]LogShaderLibrary: Display: ShaderCodeLibraryPakFileMountedCallback: PakFile 'D:/Epic Games/UE_4.27/FeaturePacks/TP_VirtualRealityBP.upack' (chunk index -1, root 'root:/') mounted
[2021.11.19-01.23.16:224][  0]LogShaderLibrary: Display: ShaderCodeLibraryPakFileMountedCallback: pending pak file info (ChunkID:-1 Root:root:/ File:D:/Epic Games/UE_4.27/FeaturePacks/TP_VirtualRealityBP.upack)
[2021.11.19-01.23.16:224][  0]LogPakFile: OnPakFileMounted2Time == 0.000026
[2021.11.19-01.23.16:273][  0]LogNativeClassHierarchy: Verbose: Native class hierarchy updated for 'AddContentDialog' in 0.0002 seconds. Added 0 classes and 0 folders.
[2021.11.19-01.23.16:298][  0]LogNativeClassHierarchy: Verbose: Native class hierarchy updated for 'SceneOutliner' in 0.0003 seconds. Added 2 classes and 0 folders.
[2021.11.19-01.23.16:382][  0]LogSlate: Took 0.000238 seconds to synchronously load lazily loaded font '../../../Engine/Content/Slate/Fonts/Roboto-Regular.ttf' (155K)
[2021.11.19-01.23.16:383][  0]LogSlate: Took 0.000189 seconds to synchronously load lazily loaded font '../../../Engine/Content/Editor/Slate/Fonts/FontAwesome.ttf' (139K)
[2021.11.19-01.23.16:384][  0]LogSlate: Took 0.000132 seconds to synchronously load lazily loaded font '../../../Engine/Content/Slate/Fonts/Roboto-Bold.ttf' (160K)
[2021.11.19-01.23.16:457][  0]LogRenderer: Reallocating scene render targets to support 1344x800 Format 10 NumSamples 1 (Frame:1).
[2021.11.19-01.23.16:861][  0]LogNativeClassHierarchy: Verbose: Native class hierarchy updated for 'HierarchicalLODOutliner' in 0.0002 seconds. Added 0 classes and 0 folders.
[2021.11.19-01.23.16:861][  0]LogInput: Warning: Action Jump uses invalid key OculusGo_Left_Trigger_Click.
[2021.11.19-01.23.16:861][  0]LogInput: Warning: Action ResetVR uses invalid key OculusGo_Left_Trackpad_Click.
[2021.11.19-01.23.16:861][  0]LogInput: Warning: Use -RemoveInvalidKeys to remove instances of these keys from the action mapping.
[2021.11.19-01.23.16:861][  0]LogLoad: (Engine Initialization) Total time: 16.54 seconds
[2021.11.19-01.23.16:861][  0]LogLoad: (Engine Initialization) Total Blueprint compile time: 0.00 seconds
[2021.11.19-01.23.16:897][  0]LogAssetRegistry: Asset discovery search completed in 9.1842 seconds
[2021.11.19-01.23.16:902][  0]LogCollectionManager: Fixed up redirectors for 0 collections in 0.000003 seconds (updated 0 objects)
[2021.11.19-01.23.16:904][  0]LogContentStreaming: Texture pool size now 1000 MB
[2021.11.19-01.23.17:054][  3]LogSlate: Took 0.000234 seconds to synchronously load lazily loaded font '../../../Engine/Content/Slate/Fonts/Roboto-Light.ttf' (167K)
[2021.11.19-01.23.18:866][186]LogSlate: Took 0.000226 seconds to synchronously load lazily loaded font '../../../Engine/Content/Slate/Fonts/Roboto-Italic.ttf' (157K)
[2021.11.19-01.23.34:364][806]LogSlate: Window 'Source Control Login' being destroyed
[2021.11.19-01.24.21:800][260]SourceControl: fatal: D:/Epic Games/UE_4.27/Engine/Content: 'D:/Epic Games/UE_4.27/Engine/Content' is outside repository at 'C:/Users/Ryzen 3700x/Documents/GitHub/SiberiaSecret'
[2021.11.19-01.24.21:800][260]SourceControl: fatal: D:/Epic Games/UE_4.27/Engine/Plugins/2D/Paper2D/Content: 'D:/Epic Games/UE_4.27/Engine/Plugins/2D/Paper2D/Content' is outside repository at 'C:/Users/Ryzen 3700x/Documents/GitHub/SiberiaSecret'
[2021.11.19-01.24.21:800][260]SourceControl: fatal: D:/Epic Games/UE_4.27/Engine/Plugins/Editor/GeometryMode/Content: 'D:/Epic Games/UE_4.27/Engine/Plugins/Editor/GeometryMode/Content' is outside repository at 'C:/Users/Ryzen 3700x/Documents/GitHub/SiberiaSecret'
[2021.11.19-01.24.21:800][260]SourceControl: fatal: D:/Epic Games/UE_4.27/Engine/Plugins/Developer/AnimationSharing/Content: 'D:/Epic Games/UE_4.27/Engine/Plugins/Developer/AnimationSharing/Content' is outside repository at 'C:/Users/Ryzen 3700x/Documents/GitHub/SiberiaSecret'
[2021.11.19-01.24.21:800][260]SourceControl: fatal: D:/Epic Games/UE_4.27/Engine/Plugins/Editor/SpeedTreeImporter/Content: 'D:/Epic Games/UE_4.27/Engine/Plugins/Editor/SpeedTreeImporter/Content' is outside repository at 'C:/Users/Ryzen 3700x/Documents/GitHub/SiberiaSecret'
[2021.11.19-01.24.21:800][260]SourceControl: fatal: D:/Epic Games/UE_4.27/Engine/Plugins/FX/Niagara/Content: 'D:/Epic Games/UE_4.27/Engine/Plugins/FX/Niagara/Content' is outside repository at 'C:/Users/Ryzen 3700x/Documents/GitHub/SiberiaSecret'
[2021.11.19-01.24.21:800][260]SourceControl: fatal: D:/Epic Games/UE_4.27/Engine/Plugins/Enterprise/DatasmithContent/Content: 'D:/Epic Games/UE_4.27/Engine/Plugins/Enterprise/DatasmithContent/Content' is outside repository at 'C:/Users/Ryzen 3700x/Documents/GitHub/SiberiaSecret'
[2021.11.19-01.24.21:800][260]SourceControl: fatal: D:/Epic Games/UE_4.27/Engine/Plugins/Experimental/ChaosClothEditor/Content: 'D:/Epic Games/UE_4.27/Engine/Plugins/Experimental/ChaosClothEditor/Content' is outside repository at 'C:/Users/Ryzen 3700x/Documents/GitHub/SiberiaSecret'
[2021.11.19-01.24.21:800][260]SourceControl: fatal: D:/Epic Games/UE_4.27/Engine/Plugins/Experimental/ChaosNiagara/Content: 'D:/Epic Games/UE_4.27/Engine/Plugins/Experimental/ChaosNiagara/Content' is outside repository at 'C:/Users/Ryzen 3700x/Documents/GitHub/SiberiaSecret'
[2021.11.19-01.24.21:800][260]SourceControl: fatal: D:/Epic Games/UE_4.27/Engine/Plugins/Experimental/ChaosSolverPlugin/Content: 'D:/Epic Games/UE_4.27/Engine/Plugins/Experimental/ChaosSolverPlugin/Content' is outside repository at 'C:/Users/Ryzen 3700x/Documents/GitHub/SiberiaSecret'
[2021.11.19-01.24.21:800][260]SourceControl: fatal: D:/Epic Games/UE_4.27/Engine/Plugins/Experimental/GeometryCollectionPlugin/Content: 'D:/Epic Games/UE_4.27/Engine/Plugins/Experimental/GeometryCollectionPlugin/Content' is outside repository at 'C:/Users/Ryzen 3700x/Documents/GitHub/SiberiaSecret'
[2021.11.19-01.24.21:800][260]SourceControl: fatal: D:/Epic Games/UE_4.27/Engine/Plugins/Experimental/GeometryProcessing/Content: 'D:/Epic Games/UE_4.27/Engine/Plugins/Experimental/GeometryProcessing/Content' is outside repository at 'C:/Users/Ryzen 3700x/Documents/GitHub/SiberiaSecret'
[2021.11.19-01.24.21:800][260]SourceControl: fatal: D:/Epic Games/UE_4.27/Engine/Plugins/Experimental/MotoSynth/Content: 'D:/Epic Games/UE_4.27/Engine/Plugins/Experimental/MotoSynth/Content' is outside repository at 'C:/Users/Ryzen 3700x/Documents/GitHub/SiberiaSecret'
[2021.11.19-01.24.21:800][260]SourceControl: fatal: D:/Epic Games/UE_4.27/Engine/Plugins/Experimental/PythonScriptPlugin/Content: 'D:/Epic Games/UE_4.27/Engine/Plugins/Experimental/PythonScriptPlugin/Content' is outside repository at 'C:/Users/Ryzen 3700x/Documents/GitHub/SiberiaSecret'
[2021.11.19-01.24.21:800][260]SourceControl: fatal: D:/Epic Games/UE_4.27/Engine/Plugins/Lumin/MagicLeap/Content: 'D:/Epic Games/UE_4.27/Engine/Plugins/Lumin/MagicLeap/Content' is outside repository at 'C:/Users/Ryzen 3700x/Documents/GitHub/SiberiaSecret'
[2021.11.19-01.24.21:800][260]SourceControl: fatal: D:/Epic Games/UE_4.27/Engine/Plugins/Lumin/MagicLeapPassableWorld/Content: 'D:/Epic Games/UE_4.27/Engine/Plugins/Lumin/MagicLeapPassableWorld/Content' is outside repository at 'C:/Users/Ryzen 3700x/Documents/GitHub/SiberiaSecret'
[2021.11.19-01.24.21:800][260]SourceControl: fatal: D:/Epic Games/UE_4.27/Engine/Plugins/Media/MediaCompositing/Content: 'D:/Epic Games/UE_4.27/Engine/Plugins/Media/MediaCompositing/Content' is outside repository at 'C:/Users/Ryzen 3700x/Documents/GitHub/SiberiaSecret'
[2021.11.19-01.24.21:800][260]SourceControl: fatal: D:/Epic Games/UE_4.27/Engine/Plugins/Runtime/AudioSynesthesia/Content: 'D:/Epic Games/UE_4.27/Engine/Plugins/Runtime/AudioSynesthesia/Content' is outside repository at 'C:/Users/Ryzen 3700x/Documents/GitHub/SiberiaSecret'
[2021.11.19-01.24.21:800][260]SourceControl: fatal: D:/Epic Games/UE_4.27/Engine/Plugins/Runtime/OpenXR/Content: 'D:/Epic Games/UE_4.27/Engine/Plugins/Runtime/OpenXR/Content' is outside repository at 'C:/Users/Ryzen 3700x/Documents/GitHub/SiberiaSecret'
[2021.11.19-01.24.21:800][260]SourceControl: fatal: D:/Epic Games/UE_4.27/Engine/Plugins/Runtime/OpenXREyeTracker/Content: 'D:/Epic Games/UE_4.27/Engine/Plugins/Runtime/OpenXREyeTracker/Content' is outside repository at 'C:/Users/Ryzen 3700x/Documents/GitHub/SiberiaSecret'
[2021.11.19-01.24.21:800][260]SourceControl: fatal: D:/Epic Games/UE_4.27/Engine/Plugins/Runtime/OpenXRHandTracking/Content: 'D:/Epic Games/UE_4.27/Engine/Plugins/Runtime/OpenXRHandTracking/Content' is outside repository at 'C:/Users/Ryzen 3700x/Documents/GitHub/SiberiaSecret'
[2021.11.19-01.24.21:800][260]SourceControl: fatal: D:/Epic Games/UE_4.27/Engine/Plugins/Runtime/PostSplashScreen/Content: 'D:/Epic Games/UE_4.27/Engine/Plugins/Runtime/PostSplashScreen/Content' is outside repository at 'C:/Users/Ryzen 3700x/Documents/GitHub/SiberiaSecret'
[2021.11.19-01.24.21:800][260]SourceControl: fatal: D:/Epic Games/UE_4.27/Engine/Plugins/Runtime/Synthesis/Content: 'D:/Epic Games/UE_4.27/Engine/Plugins/Runtime/Synthesis/Content' is outside repository at 'C:/Users/Ryzen 3700x/Documents/GitHub/SiberiaSecret'
[2021.11.19-01.24.21:800][260]SourceControl: fatal: D:/Epic Games/UE_4.27/Engine/Plugins/VirtualProduction/Takes/Content: 'D:/Epic Games/UE_4.27/Engine/Plugins/VirtualProduction/Takes/Content' is outside repository at 'C:/Users/Ryzen 3700x/Documents/GitHub/SiberiaSecret'
[2021.11.19-01.24.21:800][260]SourceControl: fatal: D:/Epic Games/UE_4.27/Engine/Plugins/Runtime/Oculus/OculusVR/Content: 'D:/Epic Games/UE_4.27/Engine/Plugins/Runtime/Oculus/OculusVR/Content' is outside repository at 'C:/Users/Ryzen 3700x/Documents/GitHub/SiberiaSecret'
[2021.11.19-01.24.21:800][260]SourceControl: fatal: D:/Epic Games/UE_4.27/Engine/Plugins/Runtime/Steam/SteamVR/Content: 'D:/Epic Games/UE_4.27/Engine/Plugins/Runtime/Steam/SteamVR/Content' is outside repository at 'C:/Users/Ryzen 3700x/Documents/GitHub/SiberiaSecret'
[2021.11.19-01.24.29:946][260]LogSlate: Window 'Submit Files' being destroyed
[2021.11.19-01.24.30:209][260]LogSourceControl: commit successful: [main (root-commit) da8b49e] yum
[2021.11.19-01.24.30:308][260]SourceControl: [main (root-commit) da8b49e] yum
[2021.11.19-01.24.30:308][260]SourceControl:  2 files changed, 6 insertions(+)
[2021.11.19-01.24.30:308][260]SourceControl:  create mode 100644 Content/ThirdPersonBP/ThirdPersonOverview.uasset
[2021.11.19-01.24.30:308][260]SourceControl:  create mode 100644 SiberiaSecret.uproject
[2021.11.19-01.24.30:339][260]SourceControl: Commited [main (root-commit) da8b49e] yum.
